[0.145s] DEBUG:colcon:Command line arguments: ['/usr/bin/colcon', 'build']
[0.145s] DEBUG:colcon:Parsed command line arguments: Namespace(log_base=None, log_level=None, verb_name='build', build_base='build', install_base='install', merge_install=False, symlink_install=False, test_result_base=None, continue_on_error=False, executor='parallel', parallel_workers=22, event_handlers=None, ignore_user_meta=False, metas=['./colcon.meta'], base_paths=['.'], packages_ignore=None, packages_ignore_regex=None, paths=None, packages_up_to=None, packages_up_to_regex=None, packages_above=None, packages_above_and_dependencies=None, packages_above_depth=None, packages_select_by_dep=None, packages_skip_by_dep=None, packages_skip_up_to=None, packages_select_build_failed=False, packages_skip_build_finished=False, packages_select_test_failures=False, packages_skip_test_passed=False, packages_select=None, packages_skip=None, packages_select_regex=None, packages_skip_regex=None, packages_start=None, packages_end=None, allow_overriding=[], cmake_args=None, cmake_target=None, cmake_target_skip_unavailable=False, cmake_clean_cache=False, cmake_clean_first=False, cmake_force_configure=False, ament_cmake_args=None, catkin_cmake_args=None, catkin_skip_building_tests=False, mixin_files=None, mixin=None, verb_parser=<colcon_mixin.mixin.mixin_argument.MixinArgumentDecorator object at 0x79f451b3dff0>, verb_extension=<colcon_core.verb.build.BuildVerb object at 0x79f451b3d9f0>, main=<bound method BuildVerb.main of <colcon_core.verb.build.BuildVerb object at 0x79f451b3d9f0>>, mixin_verb=('build',))
[0.296s] Level 1:colcon.colcon_core.package_discovery:discover_packages(colcon_meta) check parameters
[0.297s] Level 1:colcon.colcon_core.package_discovery:discover_packages(recursive) check parameters
[0.297s] Level 1:colcon.colcon_core.package_discovery:discover_packages(ignore) check parameters
[0.297s] Level 1:colcon.colcon_core.package_discovery:discover_packages(path) check parameters
[0.297s] Level 1:colcon.colcon_core.package_discovery:discover_packages(colcon_meta) discover
[0.297s] Level 1:colcon.colcon_core.package_discovery:discover_packages(recursive) discover
[0.297s] INFO:colcon.colcon_core.package_discovery:Crawling recursively for packages in '/home/sanjay/Desktop/cobot600'
[0.297s] Level 1:colcon.colcon_core.package_identification:_identify(.) by extensions ['ignore', 'ignore_ament_install']
[0.297s] Level 1:colcon.colcon_core.package_identification:_identify(.) by extension 'ignore'
[0.297s] Level 1:colcon.colcon_core.package_identification:_identify(.) by extension 'ignore_ament_install'
[0.297s] Level 1:colcon.colcon_core.package_identification:_identify(.) by extensions ['colcon_pkg']
[0.297s] Level 1:colcon.colcon_core.package_identification:_identify(.) by extension 'colcon_pkg'
[0.306s] Level 1:colcon.colcon_core.package_identification:_identify(.) by extensions ['colcon_meta']
[0.306s] Level 1:colcon.colcon_core.package_identification:_identify(.) by extension 'colcon_meta'
[0.307s] Level 1:colcon.colcon_core.package_identification:_identify(.) by extensions ['ros']
[0.307s] Level 1:colcon.colcon_core.package_identification:_identify(.) by extension 'ros'
[0.319s] Level 1:colcon.colcon_core.package_identification:_identify(.) by extensions ['cmake', 'python']
[0.319s] Level 1:colcon.colcon_core.package_identification:_identify(.) by extension 'cmake'
[0.320s] Level 1:colcon.colcon_core.package_identification:_identify(.) by extension 'python'
[0.320s] Level 1:colcon.colcon_core.package_identification:_identify(.) by extensions ['python_setup_py']
[0.320s] Level 1:colcon.colcon_core.package_identification:_identify(.) by extension 'python_setup_py'
[0.320s] Level 1:colcon.colcon_core.package_identification:_identify(build) by extensions ['ignore', 'ignore_ament_install']
[0.320s] Level 1:colcon.colcon_core.package_identification:_identify(build) by extension 'ignore'
[0.320s] Level 1:colcon.colcon_core.package_identification:_identify(build) ignored
[0.320s] Level 1:colcon.colcon_core.package_identification:_identify(install) by extensions ['ignore', 'ignore_ament_install']
[0.320s] Level 1:colcon.colcon_core.package_identification:_identify(install) by extension 'ignore'
[0.320s] Level 1:colcon.colcon_core.package_identification:_identify(install) ignored
[0.320s] Level 1:colcon.colcon_core.package_identification:_identify(log) by extensions ['ignore', 'ignore_ament_install']
[0.320s] Level 1:colcon.colcon_core.package_identification:_identify(log) by extension 'ignore'
[0.320s] Level 1:colcon.colcon_core.package_identification:_identify(log) ignored
[0.320s] Level 1:colcon.colcon_core.package_identification:_identify(src) by extensions ['ignore', 'ignore_ament_install']
[0.320s] Level 1:colcon.colcon_core.package_identification:_identify(src) by extension 'ignore'
[0.321s] Level 1:colcon.colcon_core.package_identification:_identify(src) by extension 'ignore_ament_install'
[0.321s] Level 1:colcon.colcon_core.package_identification:_identify(src) by extensions ['colcon_pkg']
[0.321s] Level 1:colcon.colcon_core.package_identification:_identify(src) by extension 'colcon_pkg'
[0.321s] Level 1:colcon.colcon_core.package_identification:_identify(src) by extensions ['colcon_meta']
[0.321s] Level 1:colcon.colcon_core.package_identification:_identify(src) by extension 'colcon_meta'
[0.321s] Level 1:colcon.colcon_core.package_identification:_identify(src) by extensions ['ros']
[0.321s] Level 1:colcon.colcon_core.package_identification:_identify(src) by extension 'ros'
[0.321s] Level 1:colcon.colcon_core.package_identification:_identify(src) by extensions ['cmake', 'python']
[0.321s] Level 1:colcon.colcon_core.package_identification:_identify(src) by extension 'cmake'
[0.321s] Level 1:colcon.colcon_core.package_identification:_identify(src) by extension 'python'
[0.321s] Level 1:colcon.colcon_core.package_identification:_identify(src) by extensions ['python_setup_py']
[0.321s] Level 1:colcon.colcon_core.package_identification:_identify(src) by extension 'python_setup_py'
[0.321s] Level 1:colcon.colcon_core.package_identification:_identify(src/Aruco_Markers) by extensions ['ignore', 'ignore_ament_install']
[0.321s] Level 1:colcon.colcon_core.package_identification:_identify(src/Aruco_Markers) by extension 'ignore'
[0.321s] Level 1:colcon.colcon_core.package_identification:_identify(src/Aruco_Markers) by extension 'ignore_ament_install'
[0.321s] Level 1:colcon.colcon_core.package_identification:_identify(src/Aruco_Markers) by extensions ['colcon_pkg']
[0.321s] Level 1:colcon.colcon_core.package_identification:_identify(src/Aruco_Markers) by extension 'colcon_pkg'
[0.321s] Level 1:colcon.colcon_core.package_identification:_identify(src/Aruco_Markers) by extensions ['colcon_meta']
[0.321s] Level 1:colcon.colcon_core.package_identification:_identify(src/Aruco_Markers) by extension 'colcon_meta'
[0.321s] Level 1:colcon.colcon_core.package_identification:_identify(src/Aruco_Markers) by extensions ['ros']
[0.321s] Level 1:colcon.colcon_core.package_identification:_identify(src/Aruco_Markers) by extension 'ros'
[0.321s] Level 1:colcon.colcon_core.package_identification:_identify(src/Aruco_Markers) by extensions ['cmake', 'python']
[0.321s] Level 1:colcon.colcon_core.package_identification:_identify(src/Aruco_Markers) by extension 'cmake'
[0.321s] Level 1:colcon.colcon_core.package_identification:_identify(src/Aruco_Markers) by extension 'python'
[0.321s] Level 1:colcon.colcon_core.package_identification:_identify(src/Aruco_Markers) by extensions ['python_setup_py']
[0.322s] Level 1:colcon.colcon_core.package_identification:_identify(src/Aruco_Markers) by extension 'python_setup_py'
[0.322s] Level 1:colcon.colcon_core.package_identification:_identify(src/cpp_cobot_planning) by extensions ['ignore', 'ignore_ament_install']
[0.322s] Level 1:colcon.colcon_core.package_identification:_identify(src/cpp_cobot_planning) by extension 'ignore'
[0.322s] Level 1:colcon.colcon_core.package_identification:_identify(src/cpp_cobot_planning) by extension 'ignore_ament_install'
[0.322s] Level 1:colcon.colcon_core.package_identification:_identify(src/cpp_cobot_planning) by extensions ['colcon_pkg']
[0.322s] Level 1:colcon.colcon_core.package_identification:_identify(src/cpp_cobot_planning) by extension 'colcon_pkg'
[0.322s] Level 1:colcon.colcon_core.package_identification:_identify(src/cpp_cobot_planning) by extensions ['colcon_meta']
[0.322s] Level 1:colcon.colcon_core.package_identification:_identify(src/cpp_cobot_planning) by extension 'colcon_meta'
[0.322s] Level 1:colcon.colcon_core.package_identification:_identify(src/cpp_cobot_planning) by extensions ['ros']
[0.322s] Level 1:colcon.colcon_core.package_identification:_identify(src/cpp_cobot_planning) by extension 'ros'
[0.324s] DEBUG:colcon.colcon_core.package_identification:Package 'src/cpp_cobot_planning' with type 'ros.ament_cmake' and name 'cpp_cobot_planning'
[0.325s] Level 1:colcon.colcon_core.package_identification:_identify(src/mycobot_pro_600) by extensions ['ignore', 'ignore_ament_install']
[0.325s] Level 1:colcon.colcon_core.package_identification:_identify(src/mycobot_pro_600) by extension 'ignore'
[0.325s] Level 1:colcon.colcon_core.package_identification:_identify(src/mycobot_pro_600) by extension 'ignore_ament_install'
[0.325s] Level 1:colcon.colcon_core.package_identification:_identify(src/mycobot_pro_600) by extensions ['colcon_pkg']
[0.325s] Level 1:colcon.colcon_core.package_identification:_identify(src/mycobot_pro_600) by extension 'colcon_pkg'
[0.325s] Level 1:colcon.colcon_core.package_identification:_identify(src/mycobot_pro_600) by extensions ['colcon_meta']
[0.325s] Level 1:colcon.colcon_core.package_identification:_identify(src/mycobot_pro_600) by extension 'colcon_meta'
[0.325s] Level 1:colcon.colcon_core.package_identification:_identify(src/mycobot_pro_600) by extensions ['ros']
[0.325s] Level 1:colcon.colcon_core.package_identification:_identify(src/mycobot_pro_600) by extension 'ros'
[0.325s] DEBUG:colcon.colcon_core.package_identification:Package 'src/mycobot_pro_600' with type 'ros.ament_cmake' and name 'mycobot_pro_600'
[0.326s] Level 1:colcon.colcon_core.package_identification:_identify(src/mycobot_pro_600_moveit_config) by extensions ['ignore', 'ignore_ament_install']
[0.326s] Level 1:colcon.colcon_core.package_identification:_identify(src/mycobot_pro_600_moveit_config) by extension 'ignore'
[0.326s] Level 1:colcon.colcon_core.package_identification:_identify(src/mycobot_pro_600_moveit_config) by extension 'ignore_ament_install'
[0.326s] Level 1:colcon.colcon_core.package_identification:_identify(src/mycobot_pro_600_moveit_config) by extensions ['colcon_pkg']
[0.326s] Level 1:colcon.colcon_core.package_identification:_identify(src/mycobot_pro_600_moveit_config) by extension 'colcon_pkg'
[0.326s] Level 1:colcon.colcon_core.package_identification:_identify(src/mycobot_pro_600_moveit_config) by extensions ['colcon_meta']
[0.326s] Level 1:colcon.colcon_core.package_identification:_identify(src/mycobot_pro_600_moveit_config) by extension 'colcon_meta'
[0.326s] Level 1:colcon.colcon_core.package_identification:_identify(src/mycobot_pro_600_moveit_config) by extensions ['ros']
[0.326s] Level 1:colcon.colcon_core.package_identification:_identify(src/mycobot_pro_600_moveit_config) by extension 'ros'
[0.327s] DEBUG:colcon.colcon_core.package_identification:Package 'src/mycobot_pro_600_moveit_config' with type 'ros.ament_cmake' and name 'mycobot_pro_600_moveit_config'
[0.327s] Level 1:colcon.colcon_core.package_discovery:discover_packages(recursive) using defaults
[0.327s] Level 1:colcon.colcon_core.package_discovery:discover_packages(ignore) discover
[0.327s] Level 1:colcon.colcon_core.package_discovery:discover_packages(ignore) using defaults
[0.327s] Level 1:colcon.colcon_core.package_discovery:discover_packages(path) discover
[0.327s] Level 1:colcon.colcon_core.package_discovery:discover_packages(path) using defaults
[0.357s] Level 1:colcon.colcon_core.package_discovery:discover_packages(prefix_path) check parameters
[0.357s] Level 1:colcon.colcon_core.package_discovery:discover_packages(prefix_path) discover
[0.363s] DEBUG:colcon.colcon_installed_package_information.package_discovery:Found 55 installed packages in /home/sanjay/ws_moveit2/install
[0.364s] DEBUG:colcon.colcon_installed_package_information.package_discovery:Found 327 installed packages in /opt/ros/humble
[0.366s] Level 1:colcon.colcon_core.package_discovery:discover_packages(prefix_path) using defaults
[0.431s] Level 5:colcon.colcon_core.verb:set package 'cpp_cobot_planning' build argument 'cmake_args' from command line to 'None'
[0.431s] Level 5:colcon.colcon_core.verb:set package 'cpp_cobot_planning' build argument 'cmake_target' from command line to 'None'
[0.431s] Level 5:colcon.colcon_core.verb:set package 'cpp_cobot_planning' build argument 'cmake_target_skip_unavailable' from command line to 'False'
[0.431s] Level 5:colcon.colcon_core.verb:set package 'cpp_cobot_planning' build argument 'cmake_clean_cache' from command line to 'False'
[0.432s] Level 5:colcon.colcon_core.verb:set package 'cpp_cobot_planning' build argument 'cmake_clean_first' from command line to 'False'
[0.432s] Level 5:colcon.colcon_core.verb:set package 'cpp_cobot_planning' build argument 'cmake_force_configure' from command line to 'False'
[0.432s] Level 5:colcon.colcon_core.verb:set package 'cpp_cobot_planning' build argument 'ament_cmake_args' from command line to 'None'
[0.432s] Level 5:colcon.colcon_core.verb:set package 'cpp_cobot_planning' build argument 'catkin_cmake_args' from command line to 'None'
[0.432s] Level 5:colcon.colcon_core.verb:set package 'cpp_cobot_planning' build argument 'catkin_skip_building_tests' from command line to 'False'
[0.432s] DEBUG:colcon.colcon_core.verb:Building package 'cpp_cobot_planning' with the following arguments: {'ament_cmake_args': None, 'build_base': '/home/sanjay/Desktop/cobot600/build/cpp_cobot_planning', 'catkin_cmake_args': None, 'catkin_skip_building_tests': False, 'cmake_args': None, 'cmake_clean_cache': False, 'cmake_clean_first': False, 'cmake_force_configure': False, 'cmake_target': None, 'cmake_target_skip_unavailable': False, 'install_base': '/home/sanjay/Desktop/cobot600/install/cpp_cobot_planning', 'merge_install': False, 'path': '/home/sanjay/Desktop/cobot600/src/cpp_cobot_planning', 'symlink_install': False, 'test_result_base': None}
[0.432s] Level 5:colcon.colcon_core.verb:set package 'mycobot_pro_600' build argument 'cmake_args' from command line to 'None'
[0.432s] Level 5:colcon.colcon_core.verb:set package 'mycobot_pro_600' build argument 'cmake_target' from command line to 'None'
[0.432s] Level 5:colcon.colcon_core.verb:set package 'mycobot_pro_600' build argument 'cmake_target_skip_unavailable' from command line to 'False'
[0.432s] Level 5:colcon.colcon_core.verb:set package 'mycobot_pro_600' build argument 'cmake_clean_cache' from command line to 'False'
[0.432s] Level 5:colcon.colcon_core.verb:set package 'mycobot_pro_600' build argument 'cmake_clean_first' from command line to 'False'
[0.432s] Level 5:colcon.colcon_core.verb:set package 'mycobot_pro_600' build argument 'cmake_force_configure' from command line to 'False'
[0.432s] Level 5:colcon.colcon_core.verb:set package 'mycobot_pro_600' build argument 'ament_cmake_args' from command line to 'None'
[0.432s] Level 5:colcon.colcon_core.verb:set package 'mycobot_pro_600' build argument 'catkin_cmake_args' from command line to 'None'
[0.432s] Level 5:colcon.colcon_core.verb:set package 'mycobot_pro_600' build argument 'catkin_skip_building_tests' from command line to 'False'
[0.432s] DEBUG:colcon.colcon_core.verb:Building package 'mycobot_pro_600' with the following arguments: {'ament_cmake_args': None, 'build_base': '/home/sanjay/Desktop/cobot600/build/mycobot_pro_600', 'catkin_cmake_args': None, 'catkin_skip_building_tests': False, 'cmake_args': None, 'cmake_clean_cache': False, 'cmake_clean_first': False, 'cmake_force_configure': False, 'cmake_target': None, 'cmake_target_skip_unavailable': False, 'install_base': '/home/sanjay/Desktop/cobot600/install/mycobot_pro_600', 'merge_install': False, 'path': '/home/sanjay/Desktop/cobot600/src/mycobot_pro_600', 'symlink_install': False, 'test_result_base': None}
[0.433s] Level 5:colcon.colcon_core.verb:set package 'mycobot_pro_600_moveit_config' build argument 'cmake_args' from command line to 'None'
[0.433s] Level 5:colcon.colcon_core.verb:set package 'mycobot_pro_600_moveit_config' build argument 'cmake_target' from command line to 'None'
[0.433s] Level 5:colcon.colcon_core.verb:set package 'mycobot_pro_600_moveit_config' build argument 'cmake_target_skip_unavailable' from command line to 'False'
[0.433s] Level 5:colcon.colcon_core.verb:set package 'mycobot_pro_600_moveit_config' build argument 'cmake_clean_cache' from command line to 'False'
[0.433s] Level 5:colcon.colcon_core.verb:set package 'mycobot_pro_600_moveit_config' build argument 'cmake_clean_first' from command line to 'False'
[0.433s] Level 5:colcon.colcon_core.verb:set package 'mycobot_pro_600_moveit_config' build argument 'cmake_force_configure' from command line to 'False'
[0.433s] Level 5:colcon.colcon_core.verb:set package 'mycobot_pro_600_moveit_config' build argument 'ament_cmake_args' from command line to 'None'
[0.433s] Level 5:colcon.colcon_core.verb:set package 'mycobot_pro_600_moveit_config' build argument 'catkin_cmake_args' from command line to 'None'
[0.433s] Level 5:colcon.colcon_core.verb:set package 'mycobot_pro_600_moveit_config' build argument 'catkin_skip_building_tests' from command line to 'False'
[0.433s] DEBUG:colcon.colcon_core.verb:Building package 'mycobot_pro_600_moveit_config' with the following arguments: {'ament_cmake_args': None, 'build_base': '/home/sanjay/Desktop/cobot600/build/mycobot_pro_600_moveit_config', 'catkin_cmake_args': None, 'catkin_skip_building_tests': False, 'cmake_args': None, 'cmake_clean_cache': False, 'cmake_clean_first': False, 'cmake_force_configure': False, 'cmake_target': None, 'cmake_target_skip_unavailable': False, 'install_base': '/home/sanjay/Desktop/cobot600/install/mycobot_pro_600_moveit_config', 'merge_install': False, 'path': '/home/sanjay/Desktop/cobot600/src/mycobot_pro_600_moveit_config', 'symlink_install': False, 'test_result_base': None}
[0.433s] INFO:colcon.colcon_core.executor:Executing jobs using 'parallel' executor
[0.435s] DEBUG:colcon.colcon_parallel_executor.executor.parallel:run_until_complete
[0.435s] INFO:colcon.colcon_ros.task.ament_cmake.build:Building ROS package in '/home/sanjay/Desktop/cobot600/src/mycobot_pro_600' with build type 'ament_cmake'
[0.435s] INFO:colcon.colcon_cmake.task.cmake.build:Building CMake package in '/home/sanjay/Desktop/cobot600/src/mycobot_pro_600'
[0.439s] INFO:colcon.colcon_core.plugin_system:Skipping extension 'colcon_core.shell.bat': Not used on non-Windows systems
[0.439s] INFO:colcon.colcon_core.shell:Skip shell extension 'powershell' for command environment: Not usable outside of PowerShell
[0.439s] DEBUG:colcon.colcon_core.shell:Skip shell extension 'dsv' for command environment
[0.447s] INFO:colcon.colcon_ros.task.ament_cmake.build:Building ROS package in '/home/sanjay/Desktop/cobot600/src/cpp_cobot_planning' with build type 'ament_cmake'
[0.447s] INFO:colcon.colcon_cmake.task.cmake.build:Building CMake package in '/home/sanjay/Desktop/cobot600/src/cpp_cobot_planning'
[0.447s] INFO:colcon.colcon_core.shell:Skip shell extension 'powershell' for command environment: Not usable outside of PowerShell
[0.447s] DEBUG:colcon.colcon_core.shell:Skip shell extension 'dsv' for command environment
[0.459s] DEBUG:colcon.colcon_core.event_handler.log_command:Invoking command in '/home/sanjay/Desktop/cobot600/build/mycobot_pro_600': CMAKE_PREFIX_PATH=${CMAKE_PREFIX_PATH}:/home/sanjay/ws_moveit2/install/moveit_configs_utils:/home/sanjay/ws_moveit2/install/launch_param_builder:/opt/ros/humble /usr/bin/cmake --build /home/sanjay/Desktop/cobot600/build/mycobot_pro_600 -- -j22 -l22
[0.463s] DEBUG:colcon.colcon_core.event_handler.log_command:Invoking command in '/home/sanjay/Desktop/cobot600/build/cpp_cobot_planning': CMAKE_PREFIX_PATH=${CMAKE_PREFIX_PATH}:/home/sanjay/ws_moveit2/install/moveit_configs_utils:/home/sanjay/ws_moveit2/install/launch_param_builder:/opt/ros/humble /usr/bin/cmake --build /home/sanjay/Desktop/cobot600/build/cpp_cobot_planning -- -j22 -l22
[0.533s] DEBUG:colcon.colcon_core.event_handler.log_command:Invoked command in '/home/sanjay/Desktop/cobot600/build/mycobot_pro_600' returned '0': CMAKE_PREFIX_PATH=${CMAKE_PREFIX_PATH}:/home/sanjay/ws_moveit2/install/moveit_configs_utils:/home/sanjay/ws_moveit2/install/launch_param_builder:/opt/ros/humble /usr/bin/cmake --build /home/sanjay/Desktop/cobot600/build/mycobot_pro_600 -- -j22 -l22
[0.590s] DEBUG:colcon.colcon_core.event_handler.log_command:Invoking command in '/home/sanjay/Desktop/cobot600/build/mycobot_pro_600': CMAKE_PREFIX_PATH=${CMAKE_PREFIX_PATH}:/home/sanjay/ws_moveit2/install/moveit_configs_utils:/home/sanjay/ws_moveit2/install/launch_param_builder:/opt/ros/humble /usr/bin/cmake --install /home/sanjay/Desktop/cobot600/build/mycobot_pro_600
[0.598s] DEBUG:colcon.colcon_core.event_handler.log_command:Invoked command in '/home/sanjay/Desktop/cobot600/build/cpp_cobot_planning' returned '0': CMAKE_PREFIX_PATH=${CMAKE_PREFIX_PATH}:/home/sanjay/ws_moveit2/install/moveit_configs_utils:/home/sanjay/ws_moveit2/install/launch_param_builder:/opt/ros/humble /usr/bin/cmake --build /home/sanjay/Desktop/cobot600/build/cpp_cobot_planning -- -j22 -l22
[0.621s] Level 1:colcon.colcon_core.environment:create_environment_scripts_only(mycobot_pro_600)
[0.622s] DEBUG:colcon.colcon_core.event_handler.log_command:Invoked command in '/home/sanjay/Desktop/cobot600/build/mycobot_pro_600' returned '0': CMAKE_PREFIX_PATH=${CMAKE_PREFIX_PATH}:/home/sanjay/ws_moveit2/install/moveit_configs_utils:/home/sanjay/ws_moveit2/install/launch_param_builder:/opt/ros/humble /usr/bin/cmake --install /home/sanjay/Desktop/cobot600/build/mycobot_pro_600
[0.626s] Level 1:colcon.colcon_core.environment:checking '/home/sanjay/Desktop/cobot600/install/mycobot_pro_600' for CMake module files
[0.627s] Level 1:colcon.colcon_core.environment:checking '/home/sanjay/Desktop/cobot600/install/mycobot_pro_600' for CMake config files
[0.627s] Level 1:colcon.colcon_core.shell:create_environment_hook('mycobot_pro_600', 'cmake_prefix_path')
[0.627s] INFO:colcon.colcon_core.shell:Creating environment hook '/home/sanjay/Desktop/cobot600/install/mycobot_pro_600/share/mycobot_pro_600/hook/cmake_prefix_path.ps1'
[0.628s] INFO:colcon.colcon_core.shell:Creating environment descriptor '/home/sanjay/Desktop/cobot600/install/mycobot_pro_600/share/mycobot_pro_600/hook/cmake_prefix_path.dsv'
[0.629s] INFO:colcon.colcon_core.shell:Creating environment hook '/home/sanjay/Desktop/cobot600/install/mycobot_pro_600/share/mycobot_pro_600/hook/cmake_prefix_path.sh'
[0.630s] Level 1:colcon.colcon_core.environment:checking '/home/sanjay/Desktop/cobot600/install/mycobot_pro_600/bin'
[0.630s] Level 1:colcon.colcon_core.environment:checking '/home/sanjay/Desktop/cobot600/install/mycobot_pro_600/lib/pkgconfig/mycobot_pro_600.pc'
[0.631s] Level 1:colcon.colcon_core.environment:checking '/home/sanjay/Desktop/cobot600/install/mycobot_pro_600/lib/python3.10/site-packages'
[0.631s] Level 1:colcon.colcon_core.environment:checking '/home/sanjay/Desktop/cobot600/install/mycobot_pro_600/bin'
[0.631s] INFO:colcon.colcon_core.shell:Creating package script '/home/sanjay/Desktop/cobot600/install/mycobot_pro_600/share/mycobot_pro_600/package.ps1'
[0.632s] INFO:colcon.colcon_core.shell:Creating package descriptor '/home/sanjay/Desktop/cobot600/install/mycobot_pro_600/share/mycobot_pro_600/package.dsv'
[0.633s] INFO:colcon.colcon_core.shell:Creating package script '/home/sanjay/Desktop/cobot600/install/mycobot_pro_600/share/mycobot_pro_600/package.sh'
[0.634s] INFO:colcon.colcon_core.shell:Creating package script '/home/sanjay/Desktop/cobot600/install/mycobot_pro_600/share/mycobot_pro_600/package.bash'
[0.635s] INFO:colcon.colcon_core.shell:Creating package script '/home/sanjay/Desktop/cobot600/install/mycobot_pro_600/share/mycobot_pro_600/package.zsh'
[0.636s] Level 1:colcon.colcon_core.environment:create_file_with_runtime_dependencies(/home/sanjay/Desktop/cobot600/install/mycobot_pro_600/share/colcon-core/packages/mycobot_pro_600)
[0.645s] DEBUG:colcon.colcon_core.event_handler.log_command:Invoking command in '/home/sanjay/Desktop/cobot600/build/cpp_cobot_planning': CMAKE_PREFIX_PATH=${CMAKE_PREFIX_PATH}:/home/sanjay/ws_moveit2/install/moveit_configs_utils:/home/sanjay/ws_moveit2/install/launch_param_builder:/opt/ros/humble /usr/bin/cmake --install /home/sanjay/Desktop/cobot600/build/cpp_cobot_planning
[0.677s] Level 1:colcon.colcon_core.environment:create_environment_scripts_only(cpp_cobot_planning)
[0.677s] Level 1:colcon.colcon_core.environment:checking '/home/sanjay/Desktop/cobot600/install/cpp_cobot_planning' for CMake module files
[0.679s] DEBUG:colcon.colcon_core.event_handler.log_command:Invoked command in '/home/sanjay/Desktop/cobot600/build/cpp_cobot_planning' returned '0': CMAKE_PREFIX_PATH=${CMAKE_PREFIX_PATH}:/home/sanjay/ws_moveit2/install/moveit_configs_utils:/home/sanjay/ws_moveit2/install/launch_param_builder:/opt/ros/humble /usr/bin/cmake --install /home/sanjay/Desktop/cobot600/build/cpp_cobot_planning
[0.680s] Level 1:colcon.colcon_core.environment:checking '/home/sanjay/Desktop/cobot600/install/cpp_cobot_planning' for CMake config files
[0.681s] Level 1:colcon.colcon_core.shell:create_environment_hook('cpp_cobot_planning', 'cmake_prefix_path')
[0.681s] INFO:colcon.colcon_core.shell:Creating environment hook '/home/sanjay/Desktop/cobot600/install/cpp_cobot_planning/share/cpp_cobot_planning/hook/cmake_prefix_path.ps1'
[0.682s] INFO:colcon.colcon_core.shell:Creating environment descriptor '/home/sanjay/Desktop/cobot600/install/cpp_cobot_planning/share/cpp_cobot_planning/hook/cmake_prefix_path.dsv'
[0.682s] INFO:colcon.colcon_core.shell:Creating environment hook '/home/sanjay/Desktop/cobot600/install/cpp_cobot_planning/share/cpp_cobot_planning/hook/cmake_prefix_path.sh'
[0.683s] Level 1:colcon.colcon_core.environment:checking '/home/sanjay/Desktop/cobot600/install/cpp_cobot_planning/lib'
[0.683s] Level 1:colcon.colcon_core.environment:checking '/home/sanjay/Desktop/cobot600/install/cpp_cobot_planning/bin'
[0.683s] Level 1:colcon.colcon_core.environment:checking '/home/sanjay/Desktop/cobot600/install/cpp_cobot_planning/lib/pkgconfig/cpp_cobot_planning.pc'
[0.683s] Level 1:colcon.colcon_core.environment:checking '/home/sanjay/Desktop/cobot600/install/cpp_cobot_planning/lib/python3.10/site-packages'
[0.684s] Level 1:colcon.colcon_core.environment:checking '/home/sanjay/Desktop/cobot600/install/cpp_cobot_planning/bin'
[0.684s] INFO:colcon.colcon_core.shell:Creating package script '/home/sanjay/Desktop/cobot600/install/cpp_cobot_planning/share/cpp_cobot_planning/package.ps1'
[0.685s] INFO:colcon.colcon_core.shell:Creating package descriptor '/home/sanjay/Desktop/cobot600/install/cpp_cobot_planning/share/cpp_cobot_planning/package.dsv'
[0.685s] INFO:colcon.colcon_core.shell:Creating package script '/home/sanjay/Desktop/cobot600/install/cpp_cobot_planning/share/cpp_cobot_planning/package.sh'
[0.686s] INFO:colcon.colcon_core.shell:Creating package script '/home/sanjay/Desktop/cobot600/install/cpp_cobot_planning/share/cpp_cobot_planning/package.bash'
[0.687s] INFO:colcon.colcon_core.shell:Creating package script '/home/sanjay/Desktop/cobot600/install/cpp_cobot_planning/share/cpp_cobot_planning/package.zsh'
[0.687s] Level 1:colcon.colcon_core.environment:create_file_with_runtime_dependencies(/home/sanjay/Desktop/cobot600/install/cpp_cobot_planning/share/colcon-core/packages/cpp_cobot_planning)
[0.690s] Level 1:colcon.colcon_core.environment:create_environment_scripts_only(mycobot_pro_600)
[0.690s] Level 1:colcon.colcon_core.environment:checking '/home/sanjay/Desktop/cobot600/install/mycobot_pro_600' for CMake module files
[0.691s] Level 1:colcon.colcon_core.environment:checking '/home/sanjay/Desktop/cobot600/install/mycobot_pro_600' for CMake config files
[0.691s] Level 1:colcon.colcon_core.shell:create_environment_hook('mycobot_pro_600', 'cmake_prefix_path')
[0.691s] INFO:colcon.colcon_core.shell:Creating environment hook '/home/sanjay/Desktop/cobot600/install/mycobot_pro_600/share/mycobot_pro_600/hook/cmake_prefix_path.ps1'
[0.693s] INFO:colcon.colcon_core.shell:Creating environment descriptor '/home/sanjay/Desktop/cobot600/install/mycobot_pro_600/share/mycobot_pro_600/hook/cmake_prefix_path.dsv'
[0.693s] INFO:colcon.colcon_core.shell:Creating environment hook '/home/sanjay/Desktop/cobot600/install/mycobot_pro_600/share/mycobot_pro_600/hook/cmake_prefix_path.sh'
[0.694s] Level 1:colcon.colcon_core.environment:checking '/home/sanjay/Desktop/cobot600/install/mycobot_pro_600/bin'
[0.694s] Level 1:colcon.colcon_core.environment:checking '/home/sanjay/Desktop/cobot600/install/mycobot_pro_600/lib/pkgconfig/mycobot_pro_600.pc'
[0.694s] Level 1:colcon.colcon_core.environment:checking '/home/sanjay/Desktop/cobot600/install/mycobot_pro_600/lib/python3.10/site-packages'
[0.694s] Level 1:colcon.colcon_core.environment:checking '/home/sanjay/Desktop/cobot600/install/mycobot_pro_600/bin'
[0.695s] INFO:colcon.colcon_core.shell:Creating package script '/home/sanjay/Desktop/cobot600/install/mycobot_pro_600/share/mycobot_pro_600/package.ps1'
[0.696s] INFO:colcon.colcon_core.shell:Creating package descriptor '/home/sanjay/Desktop/cobot600/install/mycobot_pro_600/share/mycobot_pro_600/package.dsv'
[0.698s] INFO:colcon.colcon_core.shell:Creating package script '/home/sanjay/Desktop/cobot600/install/mycobot_pro_600/share/mycobot_pro_600/package.sh'
[0.699s] INFO:colcon.colcon_core.shell:Creating package script '/home/sanjay/Desktop/cobot600/install/mycobot_pro_600/share/mycobot_pro_600/package.bash'
[0.699s] INFO:colcon.colcon_core.shell:Creating package script '/home/sanjay/Desktop/cobot600/install/mycobot_pro_600/share/mycobot_pro_600/package.zsh'
[0.700s] Level 1:colcon.colcon_core.environment:create_file_with_runtime_dependencies(/home/sanjay/Desktop/cobot600/install/mycobot_pro_600/share/colcon-core/packages/mycobot_pro_600)
[0.700s] INFO:colcon.colcon_ros.task.ament_cmake.build:Building ROS package in '/home/sanjay/Desktop/cobot600/src/mycobot_pro_600_moveit_config' with build type 'ament_cmake'
[0.700s] INFO:colcon.colcon_cmake.task.cmake.build:Building CMake package in '/home/sanjay/Desktop/cobot600/src/mycobot_pro_600_moveit_config'
[0.700s] INFO:colcon.colcon_core.shell:Skip shell extension 'powershell' for command environment: Not usable outside of PowerShell
[0.700s] DEBUG:colcon.colcon_core.shell:Skip shell extension 'dsv' for command environment
[0.719s] DEBUG:colcon.colcon_core.event_handler.log_command:Invoking command in '/home/sanjay/Desktop/cobot600/build/mycobot_pro_600_moveit_config': AMENT_PREFIX_PATH=/home/sanjay/Desktop/cobot600/install/mycobot_pro_600:${AMENT_PREFIX_PATH} CMAKE_PREFIX_PATH=/home/sanjay/Desktop/cobot600/install/mycobot_pro_600:/home/sanjay/ws_moveit2/install/pilz_industrial_motion_planner_testutils:/home/sanjay/ws_moveit2/install/moveit_runtime:/home/sanjay/ws_moveit2/install/moveit2_tutorials:/home/sanjay/ws_moveit2/install/moveit:/home/sanjay/ws_moveit2/install/moveit_planners:/home/sanjay/ws_moveit2/install/pilz_industrial_motion_planner:/home/sanjay/ws_moveit2/install/moveit_visual_tools:/home/sanjay/ws_moveit2/install/moveit_task_constructor_visualization:/home/sanjay/ws_moveit2/install/moveit_task_constructor_demo:/home/sanjay/ws_moveit2/install/moveit_task_constructor_capabilities:/home/sanjay/ws_moveit2/install/moveit_task_constructor_core:/home/sanjay/ws_moveit2/install/moveit_ros_control_interface:/home/sanjay/ws_moveit2/install/moveit_plugins:/home/sanjay/ws_moveit2/install/moveit_simple_controller_manager:/home/sanjay/ws_moveit2/install/moveit_setup_assistant:/home/sanjay/ws_moveit2/install/moveit_setup_srdf_plugins:/home/sanjay/ws_moveit2/install/moveit_setup_core_plugins:/home/sanjay/ws_moveit2/install/moveit_setup_controllers:/home/sanjay/ws_moveit2/install/moveit_setup_app_plugins:/home/sanjay/ws_moveit2/install/moveit_setup_framework:/home/sanjay/ws_moveit2/install/moveit_servo:/home/sanjay/ws_moveit2/install/moveit_ros:/home/sanjay/ws_moveit2/install/moveit_ros_visualization:/home/sanjay/ws_moveit2/install/moveit_hybrid_planning:/home/sanjay/ws_moveit2/install/moveit_ros_planning_interface:/home/sanjay/ws_moveit2/install/moveit_ros_benchmarks:/home/sanjay/ws_moveit2/install/moveit_ros_warehouse:/home/sanjay/ws_moveit2/install/moveit_ros_robot_interaction:/home/sanjay/ws_moveit2/install/moveit_ros_perception:/home/sanjay/ws_moveit2/install/moveit_resources_prbt_pg70_support:/home/sanjay/ws_moveit2/install/moveit_resources_prbt_moveit_config:/home/sanjay/ws_moveit2/install/moveit_ros_move_group:/home/sanjay/ws_moveit2/install/moveit_planners_ompl:/home/sanjay/ws_moveit2/install/moveit_ros_planning:/home/sanjay/ws_moveit2/install/moveit_ros_occupancy_map_monitor:/home/sanjay/ws_moveit2/install/moveit_resources_prbt_ikfast_manipulator_plugin:/home/sanjay/ws_moveit2/install/moveit_planners_chomp:/home/sanjay/ws_moveit2/install/moveit_kinematics:/home/sanjay/ws_moveit2/install/moveit_chomp_optimizer_adapter:/home/sanjay/ws_moveit2/install/chomp_motion_planner:/home/sanjay/ws_moveit2/install/moveit_core:/home/sanjay/ws_moveit2/install/srdfdom:/home/sanjay/ws_moveit2/install/rviz_marker_tools:/home/sanjay/ws_moveit2/install/rosparam_shortcuts:/home/sanjay/ws_moveit2/install/moveit_task_constructor_msgs:/home/sanjay/ws_moveit2/install/moveit_resources_prbt_support:/home/sanjay/ws_moveit2/install/moveit_resources:/home/sanjay/ws_moveit2/install/moveit_resources_pr2_description:/home/sanjay/ws_moveit2/install/moveit_resources_panda_moveit_config:/home/sanjay/ws_moveit2/install/moveit_resources_panda_description:/home/sanjay/ws_moveit2/install/moveit_resources_fanuc_moveit_config:/home/sanjay/ws_moveit2/install/moveit_resources_fanuc_description:/home/sanjay/ws_moveit2/install/moveit_common:/home/sanjay/ws_moveit2/install/moveit_configs_utils:/home/sanjay/ws_moveit2/install/launch_param_builder:/opt/ros/humble /usr/bin/cmake --build /home/sanjay/Desktop/cobot600/build/mycobot_pro_600_moveit_config -- -j22 -l22
[0.736s] Level 1:colcon.colcon_core.environment:create_environment_scripts_only(cpp_cobot_planning)
[0.736s] Level 1:colcon.colcon_core.environment:checking '/home/sanjay/Desktop/cobot600/install/cpp_cobot_planning' for CMake module files
[0.737s] Level 1:colcon.colcon_core.environment:checking '/home/sanjay/Desktop/cobot600/install/cpp_cobot_planning' for CMake config files
[0.737s] Level 1:colcon.colcon_core.shell:create_environment_hook('cpp_cobot_planning', 'cmake_prefix_path')
[0.738s] INFO:colcon.colcon_core.shell:Creating environment hook '/home/sanjay/Desktop/cobot600/install/cpp_cobot_planning/share/cpp_cobot_planning/hook/cmake_prefix_path.ps1'
[0.739s] INFO:colcon.colcon_core.shell:Creating environment descriptor '/home/sanjay/Desktop/cobot600/install/cpp_cobot_planning/share/cpp_cobot_planning/hook/cmake_prefix_path.dsv'
[0.739s] INFO:colcon.colcon_core.shell:Creating environment hook '/home/sanjay/Desktop/cobot600/install/cpp_cobot_planning/share/cpp_cobot_planning/hook/cmake_prefix_path.sh'
[0.740s] Level 1:colcon.colcon_core.environment:checking '/home/sanjay/Desktop/cobot600/install/cpp_cobot_planning/lib'
[0.740s] Level 1:colcon.colcon_core.environment:checking '/home/sanjay/Desktop/cobot600/install/cpp_cobot_planning/bin'
[0.740s] Level 1:colcon.colcon_core.environment:checking '/home/sanjay/Desktop/cobot600/install/cpp_cobot_planning/lib/pkgconfig/cpp_cobot_planning.pc'
[0.741s] Level 1:colcon.colcon_core.environment:checking '/home/sanjay/Desktop/cobot600/install/cpp_cobot_planning/lib/python3.10/site-packages'
[0.741s] Level 1:colcon.colcon_core.environment:checking '/home/sanjay/Desktop/cobot600/install/cpp_cobot_planning/bin'
[0.741s] INFO:colcon.colcon_core.shell:Creating package script '/home/sanjay/Desktop/cobot600/install/cpp_cobot_planning/share/cpp_cobot_planning/package.ps1'
[0.742s] INFO:colcon.colcon_core.shell:Creating package descriptor '/home/sanjay/Desktop/cobot600/install/cpp_cobot_planning/share/cpp_cobot_planning/package.dsv'
[0.742s] INFO:colcon.colcon_core.shell:Creating package script '/home/sanjay/Desktop/cobot600/install/cpp_cobot_planning/share/cpp_cobot_planning/package.sh'
[0.743s] INFO:colcon.colcon_core.shell:Creating package script '/home/sanjay/Desktop/cobot600/install/cpp_cobot_planning/share/cpp_cobot_planning/package.bash'
[0.744s] INFO:colcon.colcon_core.shell:Creating package script '/home/sanjay/Desktop/cobot600/install/cpp_cobot_planning/share/cpp_cobot_planning/package.zsh'
[0.744s] Level 1:colcon.colcon_core.environment:create_file_with_runtime_dependencies(/home/sanjay/Desktop/cobot600/install/cpp_cobot_planning/share/colcon-core/packages/cpp_cobot_planning)
[0.772s] DEBUG:colcon.colcon_core.event_handler.log_command:Invoked command in '/home/sanjay/Desktop/cobot600/build/mycobot_pro_600_moveit_config' returned '0': AMENT_PREFIX_PATH=/home/sanjay/Desktop/cobot600/install/mycobot_pro_600:${AMENT_PREFIX_PATH} CMAKE_PREFIX_PATH=/home/sanjay/Desktop/cobot600/install/mycobot_pro_600:/home/sanjay/ws_moveit2/install/pilz_industrial_motion_planner_testutils:/home/sanjay/ws_moveit2/install/moveit_runtime:/home/sanjay/ws_moveit2/install/moveit2_tutorials:/home/sanjay/ws_moveit2/install/moveit:/home/sanjay/ws_moveit2/install/moveit_planners:/home/sanjay/ws_moveit2/install/pilz_industrial_motion_planner:/home/sanjay/ws_moveit2/install/moveit_visual_tools:/home/sanjay/ws_moveit2/install/moveit_task_constructor_visualization:/home/sanjay/ws_moveit2/install/moveit_task_constructor_demo:/home/sanjay/ws_moveit2/install/moveit_task_constructor_capabilities:/home/sanjay/ws_moveit2/install/moveit_task_constructor_core:/home/sanjay/ws_moveit2/install/moveit_ros_control_interface:/home/sanjay/ws_moveit2/install/moveit_plugins:/home/sanjay/ws_moveit2/install/moveit_simple_controller_manager:/home/sanjay/ws_moveit2/install/moveit_setup_assistant:/home/sanjay/ws_moveit2/install/moveit_setup_srdf_plugins:/home/sanjay/ws_moveit2/install/moveit_setup_core_plugins:/home/sanjay/ws_moveit2/install/moveit_setup_controllers:/home/sanjay/ws_moveit2/install/moveit_setup_app_plugins:/home/sanjay/ws_moveit2/install/moveit_setup_framework:/home/sanjay/ws_moveit2/install/moveit_servo:/home/sanjay/ws_moveit2/install/moveit_ros:/home/sanjay/ws_moveit2/install/moveit_ros_visualization:/home/sanjay/ws_moveit2/install/moveit_hybrid_planning:/home/sanjay/ws_moveit2/install/moveit_ros_planning_interface:/home/sanjay/ws_moveit2/install/moveit_ros_benchmarks:/home/sanjay/ws_moveit2/install/moveit_ros_warehouse:/home/sanjay/ws_moveit2/install/moveit_ros_robot_interaction:/home/sanjay/ws_moveit2/install/moveit_ros_perception:/home/sanjay/ws_moveit2/install/moveit_resources_prbt_pg70_support:/home/sanjay/ws_moveit2/install/moveit_resources_prbt_moveit_config:/home/sanjay/ws_moveit2/install/moveit_ros_move_group:/home/sanjay/ws_moveit2/install/moveit_planners_ompl:/home/sanjay/ws_moveit2/install/moveit_ros_planning:/home/sanjay/ws_moveit2/install/moveit_ros_occupancy_map_monitor:/home/sanjay/ws_moveit2/install/moveit_resources_prbt_ikfast_manipulator_plugin:/home/sanjay/ws_moveit2/install/moveit_planners_chomp:/home/sanjay/ws_moveit2/install/moveit_kinematics:/home/sanjay/ws_moveit2/install/moveit_chomp_optimizer_adapter:/home/sanjay/ws_moveit2/install/chomp_motion_planner:/home/sanjay/ws_moveit2/install/moveit_core:/home/sanjay/ws_moveit2/install/srdfdom:/home/sanjay/ws_moveit2/install/rviz_marker_tools:/home/sanjay/ws_moveit2/install/rosparam_shortcuts:/home/sanjay/ws_moveit2/install/moveit_task_constructor_msgs:/home/sanjay/ws_moveit2/install/moveit_resources_prbt_support:/home/sanjay/ws_moveit2/install/moveit_resources:/home/sanjay/ws_moveit2/install/moveit_resources_pr2_description:/home/sanjay/ws_moveit2/install/moveit_resources_panda_moveit_config:/home/sanjay/ws_moveit2/install/moveit_resources_panda_description:/home/sanjay/ws_moveit2/install/moveit_resources_fanuc_moveit_config:/home/sanjay/ws_moveit2/install/moveit_resources_fanuc_description:/home/sanjay/ws_moveit2/install/moveit_common:/home/sanjay/ws_moveit2/install/moveit_configs_utils:/home/sanjay/ws_moveit2/install/launch_param_builder:/opt/ros/humble /usr/bin/cmake --build /home/sanjay/Desktop/cobot600/build/mycobot_pro_600_moveit_config -- -j22 -l22
[0.812s] DEBUG:colcon.colcon_core.event_handler.log_command:Invoking command in '/home/sanjay/Desktop/cobot600/build/mycobot_pro_600_moveit_config': AMENT_PREFIX_PATH=/home/sanjay/Desktop/cobot600/install/mycobot_pro_600:${AMENT_PREFIX_PATH} CMAKE_PREFIX_PATH=/home/sanjay/Desktop/cobot600/install/mycobot_pro_600:/home/sanjay/ws_moveit2/install/pilz_industrial_motion_planner_testutils:/home/sanjay/ws_moveit2/install/moveit_runtime:/home/sanjay/ws_moveit2/install/moveit2_tutorials:/home/sanjay/ws_moveit2/install/moveit:/home/sanjay/ws_moveit2/install/moveit_planners:/home/sanjay/ws_moveit2/install/pilz_industrial_motion_planner:/home/sanjay/ws_moveit2/install/moveit_visual_tools:/home/sanjay/ws_moveit2/install/moveit_task_constructor_visualization:/home/sanjay/ws_moveit2/install/moveit_task_constructor_demo:/home/sanjay/ws_moveit2/install/moveit_task_constructor_capabilities:/home/sanjay/ws_moveit2/install/moveit_task_constructor_core:/home/sanjay/ws_moveit2/install/moveit_ros_control_interface:/home/sanjay/ws_moveit2/install/moveit_plugins:/home/sanjay/ws_moveit2/install/moveit_simple_controller_manager:/home/sanjay/ws_moveit2/install/moveit_setup_assistant:/home/sanjay/ws_moveit2/install/moveit_setup_srdf_plugins:/home/sanjay/ws_moveit2/install/moveit_setup_core_plugins:/home/sanjay/ws_moveit2/install/moveit_setup_controllers:/home/sanjay/ws_moveit2/install/moveit_setup_app_plugins:/home/sanjay/ws_moveit2/install/moveit_setup_framework:/home/sanjay/ws_moveit2/install/moveit_servo:/home/sanjay/ws_moveit2/install/moveit_ros:/home/sanjay/ws_moveit2/install/moveit_ros_visualization:/home/sanjay/ws_moveit2/install/moveit_hybrid_planning:/home/sanjay/ws_moveit2/install/moveit_ros_planning_interface:/home/sanjay/ws_moveit2/install/moveit_ros_benchmarks:/home/sanjay/ws_moveit2/install/moveit_ros_warehouse:/home/sanjay/ws_moveit2/install/moveit_ros_robot_interaction:/home/sanjay/ws_moveit2/install/moveit_ros_perception:/home/sanjay/ws_moveit2/install/moveit_resources_prbt_pg70_support:/home/sanjay/ws_moveit2/install/moveit_resources_prbt_moveit_config:/home/sanjay/ws_moveit2/install/moveit_ros_move_group:/home/sanjay/ws_moveit2/install/moveit_planners_ompl:/home/sanjay/ws_moveit2/install/moveit_ros_planning:/home/sanjay/ws_moveit2/install/moveit_ros_occupancy_map_monitor:/home/sanjay/ws_moveit2/install/moveit_resources_prbt_ikfast_manipulator_plugin:/home/sanjay/ws_moveit2/install/moveit_planners_chomp:/home/sanjay/ws_moveit2/install/moveit_kinematics:/home/sanjay/ws_moveit2/install/moveit_chomp_optimizer_adapter:/home/sanjay/ws_moveit2/install/chomp_motion_planner:/home/sanjay/ws_moveit2/install/moveit_core:/home/sanjay/ws_moveit2/install/srdfdom:/home/sanjay/ws_moveit2/install/rviz_marker_tools:/home/sanjay/ws_moveit2/install/rosparam_shortcuts:/home/sanjay/ws_moveit2/install/moveit_task_constructor_msgs:/home/sanjay/ws_moveit2/install/moveit_resources_prbt_support:/home/sanjay/ws_moveit2/install/moveit_resources:/home/sanjay/ws_moveit2/install/moveit_resources_pr2_description:/home/sanjay/ws_moveit2/install/moveit_resources_panda_moveit_config:/home/sanjay/ws_moveit2/install/moveit_resources_panda_description:/home/sanjay/ws_moveit2/install/moveit_resources_fanuc_moveit_config:/home/sanjay/ws_moveit2/install/moveit_resources_fanuc_description:/home/sanjay/ws_moveit2/install/moveit_common:/home/sanjay/ws_moveit2/install/moveit_configs_utils:/home/sanjay/ws_moveit2/install/launch_param_builder:/opt/ros/humble /usr/bin/cmake --install /home/sanjay/Desktop/cobot600/build/mycobot_pro_600_moveit_config
[0.846s] Level 1:colcon.colcon_core.environment:create_environment_scripts_only(mycobot_pro_600_moveit_config)
[0.846s] Level 1:colcon.colcon_core.environment:checking '/home/sanjay/Desktop/cobot600/install/mycobot_pro_600_moveit_config' for CMake module files
[0.847s] DEBUG:colcon.colcon_core.event_handler.log_command:Invoked command in '/home/sanjay/Desktop/cobot600/build/mycobot_pro_600_moveit_config' returned '0': AMENT_PREFIX_PATH=/home/sanjay/Desktop/cobot600/install/mycobot_pro_600:${AMENT_PREFIX_PATH} CMAKE_PREFIX_PATH=/home/sanjay/Desktop/cobot600/install/mycobot_pro_600:/home/sanjay/ws_moveit2/install/pilz_industrial_motion_planner_testutils:/home/sanjay/ws_moveit2/install/moveit_runtime:/home/sanjay/ws_moveit2/install/moveit2_tutorials:/home/sanjay/ws_moveit2/install/moveit:/home/sanjay/ws_moveit2/install/moveit_planners:/home/sanjay/ws_moveit2/install/pilz_industrial_motion_planner:/home/sanjay/ws_moveit2/install/moveit_visual_tools:/home/sanjay/ws_moveit2/install/moveit_task_constructor_visualization:/home/sanjay/ws_moveit2/install/moveit_task_constructor_demo:/home/sanjay/ws_moveit2/install/moveit_task_constructor_capabilities:/home/sanjay/ws_moveit2/install/moveit_task_constructor_core:/home/sanjay/ws_moveit2/install/moveit_ros_control_interface:/home/sanjay/ws_moveit2/install/moveit_plugins:/home/sanjay/ws_moveit2/install/moveit_simple_controller_manager:/home/sanjay/ws_moveit2/install/moveit_setup_assistant:/home/sanjay/ws_moveit2/install/moveit_setup_srdf_plugins:/home/sanjay/ws_moveit2/install/moveit_setup_core_plugins:/home/sanjay/ws_moveit2/install/moveit_setup_controllers:/home/sanjay/ws_moveit2/install/moveit_setup_app_plugins:/home/sanjay/ws_moveit2/install/moveit_setup_framework:/home/sanjay/ws_moveit2/install/moveit_servo:/home/sanjay/ws_moveit2/install/moveit_ros:/home/sanjay/ws_moveit2/install/moveit_ros_visualization:/home/sanjay/ws_moveit2/install/moveit_hybrid_planning:/home/sanjay/ws_moveit2/install/moveit_ros_planning_interface:/home/sanjay/ws_moveit2/install/moveit_ros_benchmarks:/home/sanjay/ws_moveit2/install/moveit_ros_warehouse:/home/sanjay/ws_moveit2/install/moveit_ros_robot_interaction:/home/sanjay/ws_moveit2/install/moveit_ros_perception:/home/sanjay/ws_moveit2/install/moveit_resources_prbt_pg70_support:/home/sanjay/ws_moveit2/install/moveit_resources_prbt_moveit_config:/home/sanjay/ws_moveit2/install/moveit_ros_move_group:/home/sanjay/ws_moveit2/install/moveit_planners_ompl:/home/sanjay/ws_moveit2/install/moveit_ros_planning:/home/sanjay/ws_moveit2/install/moveit_ros_occupancy_map_monitor:/home/sanjay/ws_moveit2/install/moveit_resources_prbt_ikfast_manipulator_plugin:/home/sanjay/ws_moveit2/install/moveit_planners_chomp:/home/sanjay/ws_moveit2/install/moveit_kinematics:/home/sanjay/ws_moveit2/install/moveit_chomp_optimizer_adapter:/home/sanjay/ws_moveit2/install/chomp_motion_planner:/home/sanjay/ws_moveit2/install/moveit_core:/home/sanjay/ws_moveit2/install/srdfdom:/home/sanjay/ws_moveit2/install/rviz_marker_tools:/home/sanjay/ws_moveit2/install/rosparam_shortcuts:/home/sanjay/ws_moveit2/install/moveit_task_constructor_msgs:/home/sanjay/ws_moveit2/install/moveit_resources_prbt_support:/home/sanjay/ws_moveit2/install/moveit_resources:/home/sanjay/ws_moveit2/install/moveit_resources_pr2_description:/home/sanjay/ws_moveit2/install/moveit_resources_panda_moveit_config:/home/sanjay/ws_moveit2/install/moveit_resources_panda_description:/home/sanjay/ws_moveit2/install/moveit_resources_fanuc_moveit_config:/home/sanjay/ws_moveit2/install/moveit_resources_fanuc_description:/home/sanjay/ws_moveit2/install/moveit_common:/home/sanjay/ws_moveit2/install/moveit_configs_utils:/home/sanjay/ws_moveit2/install/launch_param_builder:/opt/ros/humble /usr/bin/cmake --install /home/sanjay/Desktop/cobot600/build/mycobot_pro_600_moveit_config
[0.847s] Level 1:colcon.colcon_core.environment:checking '/home/sanjay/Desktop/cobot600/install/mycobot_pro_600_moveit_config' for CMake config files
[0.848s] Level 1:colcon.colcon_core.shell:create_environment_hook('mycobot_pro_600_moveit_config', 'cmake_prefix_path')
[0.848s] INFO:colcon.colcon_core.shell:Creating environment hook '/home/sanjay/Desktop/cobot600/install/mycobot_pro_600_moveit_config/share/mycobot_pro_600_moveit_config/hook/cmake_prefix_path.ps1'
[0.849s] INFO:colcon.colcon_core.shell:Creating environment descriptor '/home/sanjay/Desktop/cobot600/install/mycobot_pro_600_moveit_config/share/mycobot_pro_600_moveit_config/hook/cmake_prefix_path.dsv'
[0.849s] INFO:colcon.colcon_core.shell:Creating environment hook '/home/sanjay/Desktop/cobot600/install/mycobot_pro_600_moveit_config/share/mycobot_pro_600_moveit_config/hook/cmake_prefix_path.sh'
[0.850s] Level 1:colcon.colcon_core.environment:checking '/home/sanjay/Desktop/cobot600/install/mycobot_pro_600_moveit_config/bin'
[0.850s] Level 1:colcon.colcon_core.environment:checking '/home/sanjay/Desktop/cobot600/install/mycobot_pro_600_moveit_config/lib/pkgconfig/mycobot_pro_600_moveit_config.pc'
[0.851s] Level 1:colcon.colcon_core.environment:checking '/home/sanjay/Desktop/cobot600/install/mycobot_pro_600_moveit_config/lib/python3.10/site-packages'
[0.851s] Level 1:colcon.colcon_core.environment:checking '/home/sanjay/Desktop/cobot600/install/mycobot_pro_600_moveit_config/bin'
[0.851s] INFO:colcon.colcon_core.shell:Creating package script '/home/sanjay/Desktop/cobot600/install/mycobot_pro_600_moveit_config/share/mycobot_pro_600_moveit_config/package.ps1'
[0.852s] INFO:colcon.colcon_core.shell:Creating package descriptor '/home/sanjay/Desktop/cobot600/install/mycobot_pro_600_moveit_config/share/mycobot_pro_600_moveit_config/package.dsv'
[0.852s] INFO:colcon.colcon_core.shell:Creating package script '/home/sanjay/Desktop/cobot600/install/mycobot_pro_600_moveit_config/share/mycobot_pro_600_moveit_config/package.sh'
[0.853s] INFO:colcon.colcon_core.shell:Creating package script '/home/sanjay/Desktop/cobot600/install/mycobot_pro_600_moveit_config/share/mycobot_pro_600_moveit_config/package.bash'
[0.853s] INFO:colcon.colcon_core.shell:Creating package script '/home/sanjay/Desktop/cobot600/install/mycobot_pro_600_moveit_config/share/mycobot_pro_600_moveit_config/package.zsh'
[0.854s] Level 1:colcon.colcon_core.environment:create_file_with_runtime_dependencies(/home/sanjay/Desktop/cobot600/install/mycobot_pro_600_moveit_config/share/colcon-core/packages/mycobot_pro_600_moveit_config)
[0.895s] Level 1:colcon.colcon_core.environment:create_environment_scripts_only(mycobot_pro_600_moveit_config)
[0.895s] Level 1:colcon.colcon_core.environment:checking '/home/sanjay/Desktop/cobot600/install/mycobot_pro_600_moveit_config' for CMake module files
[0.896s] Level 1:colcon.colcon_core.environment:checking '/home/sanjay/Desktop/cobot600/install/mycobot_pro_600_moveit_config' for CMake config files
[0.896s] Level 1:colcon.colcon_core.shell:create_environment_hook('mycobot_pro_600_moveit_config', 'cmake_prefix_path')
[0.897s] INFO:colcon.colcon_core.shell:Creating environment hook '/home/sanjay/Desktop/cobot600/install/mycobot_pro_600_moveit_config/share/mycobot_pro_600_moveit_config/hook/cmake_prefix_path.ps1'
[0.897s] INFO:colcon.colcon_core.shell:Creating environment descriptor '/home/sanjay/Desktop/cobot600/install/mycobot_pro_600_moveit_config/share/mycobot_pro_600_moveit_config/hook/cmake_prefix_path.dsv'
[0.898s] INFO:colcon.colcon_core.shell:Creating environment hook '/home/sanjay/Desktop/cobot600/install/mycobot_pro_600_moveit_config/share/mycobot_pro_600_moveit_config/hook/cmake_prefix_path.sh'
[0.898s] Level 1:colcon.colcon_core.environment:checking '/home/sanjay/Desktop/cobot600/install/mycobot_pro_600_moveit_config/bin'
[0.898s] Level 1:colcon.colcon_core.environment:checking '/home/sanjay/Desktop/cobot600/install/mycobot_pro_600_moveit_config/lib/pkgconfig/mycobot_pro_600_moveit_config.pc'
[0.899s] Level 1:colcon.colcon_core.environment:checking '/home/sanjay/Desktop/cobot600/install/mycobot_pro_600_moveit_config/lib/python3.10/site-packages'
[0.899s] Level 1:colcon.colcon_core.environment:checking '/home/sanjay/Desktop/cobot600/install/mycobot_pro_600_moveit_config/bin'
[0.899s] INFO:colcon.colcon_core.shell:Creating package script '/home/sanjay/Desktop/cobot600/install/mycobot_pro_600_moveit_config/share/mycobot_pro_600_moveit_config/package.ps1'
[0.900s] INFO:colcon.colcon_core.shell:Creating package descriptor '/home/sanjay/Desktop/cobot600/install/mycobot_pro_600_moveit_config/share/mycobot_pro_600_moveit_config/package.dsv'
[0.900s] INFO:colcon.colcon_core.shell:Creating package script '/home/sanjay/Desktop/cobot600/install/mycobot_pro_600_moveit_config/share/mycobot_pro_600_moveit_config/package.sh'
[0.901s] INFO:colcon.colcon_core.shell:Creating package script '/home/sanjay/Desktop/cobot600/install/mycobot_pro_600_moveit_config/share/mycobot_pro_600_moveit_config/package.bash'
[0.901s] INFO:colcon.colcon_core.shell:Creating package script '/home/sanjay/Desktop/cobot600/install/mycobot_pro_600_moveit_config/share/mycobot_pro_600_moveit_config/package.zsh'
[0.902s] Level 1:colcon.colcon_core.environment:create_file_with_runtime_dependencies(/home/sanjay/Desktop/cobot600/install/mycobot_pro_600_moveit_config/share/colcon-core/packages/mycobot_pro_600_moveit_config)
[0.902s] DEBUG:colcon.colcon_parallel_executor.executor.parallel:closing loop
[0.902s] DEBUG:colcon.colcon_parallel_executor.executor.parallel:loop closed
[0.902s] DEBUG:colcon.colcon_parallel_executor.executor.parallel:run_until_complete finished with '0'
[0.902s] DEBUG:colcon.colcon_core.event_reactor:joining thread
[0.911s] INFO:colcon.colcon_core.plugin_system:Skipping extension 'colcon_notification.desktop_notification.terminal_notifier': Not used on non-Darwin systems
[0.911s] INFO:colcon.colcon_core.plugin_system:Skipping extension 'colcon_notification.desktop_notification.win32': Not used on non-Windows systems
[0.911s] INFO:colcon.colcon_notification.desktop_notification:Sending desktop notification using 'notify2'
[0.931s] DEBUG:colcon.colcon_core.event_reactor:joined thread
[0.931s] INFO:colcon.colcon_core.shell:Creating prefix script '/home/sanjay/Desktop/cobot600/install/local_setup.ps1'
[0.933s] INFO:colcon.colcon_core.shell:Creating prefix util module '/home/sanjay/Desktop/cobot600/install/_local_setup_util_ps1.py'
[0.935s] INFO:colcon.colcon_core.shell:Creating prefix chain script '/home/sanjay/Desktop/cobot600/install/setup.ps1'
[0.938s] INFO:colcon.colcon_core.shell:Creating prefix script '/home/sanjay/Desktop/cobot600/install/local_setup.sh'
[0.939s] INFO:colcon.colcon_core.shell:Creating prefix util module '/home/sanjay/Desktop/cobot600/install/_local_setup_util_sh.py'
[0.940s] INFO:colcon.colcon_core.shell:Creating prefix chain script '/home/sanjay/Desktop/cobot600/install/setup.sh'
[0.943s] INFO:colcon.colcon_core.shell:Creating prefix script '/home/sanjay/Desktop/cobot600/install/local_setup.bash'
[0.944s] INFO:colcon.colcon_core.shell:Creating prefix chain script '/home/sanjay/Desktop/cobot600/install/setup.bash'
[0.947s] INFO:colcon.colcon_core.shell:Creating prefix script '/home/sanjay/Desktop/cobot600/install/local_setup.zsh'
[0.947s] INFO:colcon.colcon_core.shell:Creating prefix chain script '/home/sanjay/Desktop/cobot600/install/setup.zsh'
