[0.125s] DEBUG:colcon:Command line arguments: ['/usr/bin/colcon', 'build']
[0.125s] DEBUG:colcon:Parsed command line arguments: Namespace(log_base=None, log_level=None, verb_name='build', build_base='build', install_base='install', merge_install=False, symlink_install=False, test_result_base=None, continue_on_error=False, executor='parallel', parallel_workers=22, event_handlers=None, ignore_user_meta=False, metas=['./colcon.meta'], base_paths=['.'], packages_ignore=None, packages_ignore_regex=None, paths=None, packages_up_to=None, packages_up_to_regex=None, packages_above=None, packages_above_and_dependencies=None, packages_above_depth=None, packages_select_by_dep=None, packages_skip_by_dep=None, packages_skip_up_to=None, packages_select_build_failed=False, packages_skip_build_finished=False, packages_select_test_failures=False, packages_skip_test_passed=False, packages_select=None, packages_skip=None, packages_select_regex=None, packages_skip_regex=None, packages_start=None, packages_end=None, allow_overriding=[], cmake_args=None, cmake_target=None, cmake_target_skip_unavailable=False, cmake_clean_cache=False, cmake_clean_first=False, cmake_force_configure=False, ament_cmake_args=None, catkin_cmake_args=None, catkin_skip_building_tests=False, mixin_files=None, mixin=None, verb_parser=<colcon_mixin.mixin.mixin_argument.MixinArgumentDecorator object at 0x78c5ff846170>, verb_extension=<colcon_core.verb.build.BuildVerb object at 0x78c5ff845cc0>, main=<bound method BuildVerb.main of <colcon_core.verb.build.BuildVerb object at 0x78c5ff845cc0>>, mixin_verb=('build',))
[0.279s] Level 1:colcon.colcon_core.package_discovery:discover_packages(colcon_meta) check parameters
[0.280s] Level 1:colcon.colcon_core.package_discovery:discover_packages(recursive) check parameters
[0.280s] Level 1:colcon.colcon_core.package_discovery:discover_packages(ignore) check parameters
[0.280s] Level 1:colcon.colcon_core.package_discovery:discover_packages(path) check parameters
[0.280s] Level 1:colcon.colcon_core.package_discovery:discover_packages(colcon_meta) discover
[0.280s] Level 1:colcon.colcon_core.package_discovery:discover_packages(recursive) discover
[0.280s] INFO:colcon.colcon_core.package_discovery:Crawling recursively for packages in '/home/sanjay/Desktop/cobot600'
[0.280s] Level 1:colcon.colcon_core.package_identification:_identify(.) by extensions ['ignore', 'ignore_ament_install']
[0.280s] Level 1:colcon.colcon_core.package_identification:_identify(.) by extension 'ignore'
[0.280s] Level 1:colcon.colcon_core.package_identification:_identify(.) by extension 'ignore_ament_install'
[0.280s] Level 1:colcon.colcon_core.package_identification:_identify(.) by extensions ['colcon_pkg']
[0.280s] Level 1:colcon.colcon_core.package_identification:_identify(.) by extension 'colcon_pkg'
[0.280s] Level 1:colcon.colcon_core.package_identification:_identify(.) by extensions ['colcon_meta']
[0.280s] Level 1:colcon.colcon_core.package_identification:_identify(.) by extension 'colcon_meta'
[0.280s] Level 1:colcon.colcon_core.package_identification:_identify(.) by extensions ['ros']
[0.280s] Level 1:colcon.colcon_core.package_identification:_identify(.) by extension 'ros'
[0.291s] Level 1:colcon.colcon_core.package_identification:_identify(.) by extensions ['cmake', 'python']
[0.292s] Level 1:colcon.colcon_core.package_identification:_identify(.) by extension 'cmake'
[0.292s] Level 1:colcon.colcon_core.package_identification:_identify(.) by extension 'python'
[0.292s] Level 1:colcon.colcon_core.package_identification:_identify(.) by extensions ['python_setup_py']
[0.292s] Level 1:colcon.colcon_core.package_identification:_identify(.) by extension 'python_setup_py'
[0.292s] Level 1:colcon.colcon_core.package_identification:_identify(build) by extensions ['ignore', 'ignore_ament_install']
[0.292s] Level 1:colcon.colcon_core.package_identification:_identify(build) by extension 'ignore'
[0.292s] Level 1:colcon.colcon_core.package_identification:_identify(build) ignored
[0.292s] Level 1:colcon.colcon_core.package_identification:_identify(install) by extensions ['ignore', 'ignore_ament_install']
[0.292s] Level 1:colcon.colcon_core.package_identification:_identify(install) by extension 'ignore'
[0.292s] Level 1:colcon.colcon_core.package_identification:_identify(install) ignored
[0.292s] Level 1:colcon.colcon_core.package_identification:_identify(log) by extensions ['ignore', 'ignore_ament_install']
[0.292s] Level 1:colcon.colcon_core.package_identification:_identify(log) by extension 'ignore'
[0.292s] Level 1:colcon.colcon_core.package_identification:_identify(log) ignored
[0.293s] Level 1:colcon.colcon_core.package_identification:_identify(src) by extensions ['ignore', 'ignore_ament_install']
[0.293s] Level 1:colcon.colcon_core.package_identification:_identify(src) by extension 'ignore'
[0.293s] Level 1:colcon.colcon_core.package_identification:_identify(src) by extension 'ignore_ament_install'
[0.293s] Level 1:colcon.colcon_core.package_identification:_identify(src) by extensions ['colcon_pkg']
[0.293s] Level 1:colcon.colcon_core.package_identification:_identify(src) by extension 'colcon_pkg'
[0.293s] Level 1:colcon.colcon_core.package_identification:_identify(src) by extensions ['colcon_meta']
[0.293s] Level 1:colcon.colcon_core.package_identification:_identify(src) by extension 'colcon_meta'
[0.293s] Level 1:colcon.colcon_core.package_identification:_identify(src) by extensions ['ros']
[0.293s] Level 1:colcon.colcon_core.package_identification:_identify(src) by extension 'ros'
[0.293s] Level 1:colcon.colcon_core.package_identification:_identify(src) by extensions ['cmake', 'python']
[0.293s] Level 1:colcon.colcon_core.package_identification:_identify(src) by extension 'cmake'
[0.293s] Level 1:colcon.colcon_core.package_identification:_identify(src) by extension 'python'
[0.293s] Level 1:colcon.colcon_core.package_identification:_identify(src) by extensions ['python_setup_py']
[0.293s] Level 1:colcon.colcon_core.package_identification:_identify(src) by extension 'python_setup_py'
[0.293s] Level 1:colcon.colcon_core.package_identification:_identify(src/Aruco_Markers) by extensions ['ignore', 'ignore_ament_install']
[0.293s] Level 1:colcon.colcon_core.package_identification:_identify(src/Aruco_Markers) by extension 'ignore'
[0.293s] Level 1:colcon.colcon_core.package_identification:_identify(src/Aruco_Markers) by extension 'ignore_ament_install'
[0.293s] Level 1:colcon.colcon_core.package_identification:_identify(src/Aruco_Markers) by extensions ['colcon_pkg']
[0.293s] Level 1:colcon.colcon_core.package_identification:_identify(src/Aruco_Markers) by extension 'colcon_pkg'
[0.293s] Level 1:colcon.colcon_core.package_identification:_identify(src/Aruco_Markers) by extensions ['colcon_meta']
[0.293s] Level 1:colcon.colcon_core.package_identification:_identify(src/Aruco_Markers) by extension 'colcon_meta'
[0.293s] Level 1:colcon.colcon_core.package_identification:_identify(src/Aruco_Markers) by extensions ['ros']
[0.293s] Level 1:colcon.colcon_core.package_identification:_identify(src/Aruco_Markers) by extension 'ros'
[0.294s] Level 1:colcon.colcon_core.package_identification:_identify(src/Aruco_Markers) by extensions ['cmake', 'python']
[0.294s] Level 1:colcon.colcon_core.package_identification:_identify(src/Aruco_Markers) by extension 'cmake'
[0.294s] Level 1:colcon.colcon_core.package_identification:_identify(src/Aruco_Markers) by extension 'python'
[0.294s] Level 1:colcon.colcon_core.package_identification:_identify(src/Aruco_Markers) by extensions ['python_setup_py']
[0.294s] Level 1:colcon.colcon_core.package_identification:_identify(src/Aruco_Markers) by extension 'python_setup_py'
[0.294s] Level 1:colcon.colcon_core.package_identification:_identify(src/cpp_cobot_planning) by extensions ['ignore', 'ignore_ament_install']
[0.294s] Level 1:colcon.colcon_core.package_identification:_identify(src/cpp_cobot_planning) by extension 'ignore'
[0.294s] Level 1:colcon.colcon_core.package_identification:_identify(src/cpp_cobot_planning) by extension 'ignore_ament_install'
[0.294s] Level 1:colcon.colcon_core.package_identification:_identify(src/cpp_cobot_planning) by extensions ['colcon_pkg']
[0.294s] Level 1:colcon.colcon_core.package_identification:_identify(src/cpp_cobot_planning) by extension 'colcon_pkg'
[0.294s] Level 1:colcon.colcon_core.package_identification:_identify(src/cpp_cobot_planning) by extensions ['colcon_meta']
[0.294s] Level 1:colcon.colcon_core.package_identification:_identify(src/cpp_cobot_planning) by extension 'colcon_meta'
[0.294s] Level 1:colcon.colcon_core.package_identification:_identify(src/cpp_cobot_planning) by extensions ['ros']
[0.294s] Level 1:colcon.colcon_core.package_identification:_identify(src/cpp_cobot_planning) by extension 'ros'
[0.297s] DEBUG:colcon.colcon_core.package_identification:Package 'src/cpp_cobot_planning' with type 'ros.ament_cmake' and name 'cpp_cobot_planning'
[0.297s] Level 1:colcon.colcon_core.package_identification:_identify(src/mycobot_pro_600) by extensions ['ignore', 'ignore_ament_install']
[0.297s] Level 1:colcon.colcon_core.package_identification:_identify(src/mycobot_pro_600) by extension 'ignore'
[0.297s] Level 1:colcon.colcon_core.package_identification:_identify(src/mycobot_pro_600) by extension 'ignore_ament_install'
[0.297s] Level 1:colcon.colcon_core.package_identification:_identify(src/mycobot_pro_600) by extensions ['colcon_pkg']
[0.297s] Level 1:colcon.colcon_core.package_identification:_identify(src/mycobot_pro_600) by extension 'colcon_pkg'
[0.297s] Level 1:colcon.colcon_core.package_identification:_identify(src/mycobot_pro_600) by extensions ['colcon_meta']
[0.297s] Level 1:colcon.colcon_core.package_identification:_identify(src/mycobot_pro_600) by extension 'colcon_meta'
[0.297s] Level 1:colcon.colcon_core.package_identification:_identify(src/mycobot_pro_600) by extensions ['ros']
[0.297s] Level 1:colcon.colcon_core.package_identification:_identify(src/mycobot_pro_600) by extension 'ros'
[0.298s] DEBUG:colcon.colcon_core.package_identification:Package 'src/mycobot_pro_600' with type 'ros.ament_cmake' and name 'mycobot_pro_600'
[0.298s] Level 1:colcon.colcon_core.package_identification:_identify(src/mycobot_pro_600_moveit_config) by extensions ['ignore', 'ignore_ament_install']
[0.298s] Level 1:colcon.colcon_core.package_identification:_identify(src/mycobot_pro_600_moveit_config) by extension 'ignore'
[0.298s] Level 1:colcon.colcon_core.package_identification:_identify(src/mycobot_pro_600_moveit_config) by extension 'ignore_ament_install'
[0.298s] Level 1:colcon.colcon_core.package_identification:_identify(src/mycobot_pro_600_moveit_config) by extensions ['colcon_pkg']
[0.298s] Level 1:colcon.colcon_core.package_identification:_identify(src/mycobot_pro_600_moveit_config) by extension 'colcon_pkg'
[0.298s] Level 1:colcon.colcon_core.package_identification:_identify(src/mycobot_pro_600_moveit_config) by extensions ['colcon_meta']
[0.298s] Level 1:colcon.colcon_core.package_identification:_identify(src/mycobot_pro_600_moveit_config) by extension 'colcon_meta'
[0.298s] Level 1:colcon.colcon_core.package_identification:_identify(src/mycobot_pro_600_moveit_config) by extensions ['ros']
[0.298s] Level 1:colcon.colcon_core.package_identification:_identify(src/mycobot_pro_600_moveit_config) by extension 'ros'
[0.299s] DEBUG:colcon.colcon_core.package_identification:Package 'src/mycobot_pro_600_moveit_config' with type 'ros.ament_cmake' and name 'mycobot_pro_600_moveit_config'
[0.299s] Level 1:colcon.colcon_core.package_discovery:discover_packages(recursive) using defaults
[0.299s] Level 1:colcon.colcon_core.package_discovery:discover_packages(ignore) discover
[0.299s] Level 1:colcon.colcon_core.package_discovery:discover_packages(ignore) using defaults
[0.299s] Level 1:colcon.colcon_core.package_discovery:discover_packages(path) discover
[0.299s] Level 1:colcon.colcon_core.package_discovery:discover_packages(path) using defaults
[0.330s] Level 1:colcon.colcon_core.package_discovery:discover_packages(prefix_path) check parameters
[0.330s] Level 1:colcon.colcon_core.package_discovery:discover_packages(prefix_path) discover
[0.333s] DEBUG:colcon.colcon_installed_package_information.package_discovery:Found 3 installed packages in /home/sanjay/Desktop/cobot600/install
[0.335s] DEBUG:colcon.colcon_installed_package_information.package_discovery:Found 55 installed packages in /home/sanjay/ws_moveit2/install
[0.337s] DEBUG:colcon.colcon_installed_package_information.package_discovery:Found 327 installed packages in /opt/ros/humble
[0.338s] Level 1:colcon.colcon_core.package_discovery:discover_packages(prefix_path) using defaults
[0.382s] Level 5:colcon.colcon_core.verb:set package 'cpp_cobot_planning' build argument 'cmake_args' from command line to 'None'
[0.382s] Level 5:colcon.colcon_core.verb:set package 'cpp_cobot_planning' build argument 'cmake_target' from command line to 'None'
[0.382s] Level 5:colcon.colcon_core.verb:set package 'cpp_cobot_planning' build argument 'cmake_target_skip_unavailable' from command line to 'False'
[0.382s] Level 5:colcon.colcon_core.verb:set package 'cpp_cobot_planning' build argument 'cmake_clean_cache' from command line to 'False'
[0.382s] Level 5:colcon.colcon_core.verb:set package 'cpp_cobot_planning' build argument 'cmake_clean_first' from command line to 'False'
[0.382s] Level 5:colcon.colcon_core.verb:set package 'cpp_cobot_planning' build argument 'cmake_force_configure' from command line to 'False'
[0.382s] Level 5:colcon.colcon_core.verb:set package 'cpp_cobot_planning' build argument 'ament_cmake_args' from command line to 'None'
[0.382s] Level 5:colcon.colcon_core.verb:set package 'cpp_cobot_planning' build argument 'catkin_cmake_args' from command line to 'None'
[0.382s] Level 5:colcon.colcon_core.verb:set package 'cpp_cobot_planning' build argument 'catkin_skip_building_tests' from command line to 'False'
[0.382s] DEBUG:colcon.colcon_core.verb:Building package 'cpp_cobot_planning' with the following arguments: {'ament_cmake_args': None, 'build_base': '/home/sanjay/Desktop/cobot600/build/cpp_cobot_planning', 'catkin_cmake_args': None, 'catkin_skip_building_tests': False, 'cmake_args': None, 'cmake_clean_cache': False, 'cmake_clean_first': False, 'cmake_force_configure': False, 'cmake_target': None, 'cmake_target_skip_unavailable': False, 'install_base': '/home/sanjay/Desktop/cobot600/install/cpp_cobot_planning', 'merge_install': False, 'path': '/home/sanjay/Desktop/cobot600/src/cpp_cobot_planning', 'symlink_install': False, 'test_result_base': None}
[0.383s] Level 5:colcon.colcon_core.verb:set package 'mycobot_pro_600' build argument 'cmake_args' from command line to 'None'
[0.383s] Level 5:colcon.colcon_core.verb:set package 'mycobot_pro_600' build argument 'cmake_target' from command line to 'None'
[0.383s] Level 5:colcon.colcon_core.verb:set package 'mycobot_pro_600' build argument 'cmake_target_skip_unavailable' from command line to 'False'
[0.383s] Level 5:colcon.colcon_core.verb:set package 'mycobot_pro_600' build argument 'cmake_clean_cache' from command line to 'False'
[0.383s] Level 5:colcon.colcon_core.verb:set package 'mycobot_pro_600' build argument 'cmake_clean_first' from command line to 'False'
[0.383s] Level 5:colcon.colcon_core.verb:set package 'mycobot_pro_600' build argument 'cmake_force_configure' from command line to 'False'
[0.383s] Level 5:colcon.colcon_core.verb:set package 'mycobot_pro_600' build argument 'ament_cmake_args' from command line to 'None'
[0.383s] Level 5:colcon.colcon_core.verb:set package 'mycobot_pro_600' build argument 'catkin_cmake_args' from command line to 'None'
[0.383s] Level 5:colcon.colcon_core.verb:set package 'mycobot_pro_600' build argument 'catkin_skip_building_tests' from command line to 'False'
[0.383s] DEBUG:colcon.colcon_core.verb:Building package 'mycobot_pro_600' with the following arguments: {'ament_cmake_args': None, 'build_base': '/home/sanjay/Desktop/cobot600/build/mycobot_pro_600', 'catkin_cmake_args': None, 'catkin_skip_building_tests': False, 'cmake_args': None, 'cmake_clean_cache': False, 'cmake_clean_first': False, 'cmake_force_configure': False, 'cmake_target': None, 'cmake_target_skip_unavailable': False, 'install_base': '/home/sanjay/Desktop/cobot600/install/mycobot_pro_600', 'merge_install': False, 'path': '/home/sanjay/Desktop/cobot600/src/mycobot_pro_600', 'symlink_install': False, 'test_result_base': None}
[0.383s] Level 5:colcon.colcon_core.verb:set package 'mycobot_pro_600_moveit_config' build argument 'cmake_args' from command line to 'None'
[0.383s] Level 5:colcon.colcon_core.verb:set package 'mycobot_pro_600_moveit_config' build argument 'cmake_target' from command line to 'None'
[0.384s] Level 5:colcon.colcon_core.verb:set package 'mycobot_pro_600_moveit_config' build argument 'cmake_target_skip_unavailable' from command line to 'False'
[0.384s] Level 5:colcon.colcon_core.verb:set package 'mycobot_pro_600_moveit_config' build argument 'cmake_clean_cache' from command line to 'False'
[0.384s] Level 5:colcon.colcon_core.verb:set package 'mycobot_pro_600_moveit_config' build argument 'cmake_clean_first' from command line to 'False'
[0.384s] Level 5:colcon.colcon_core.verb:set package 'mycobot_pro_600_moveit_config' build argument 'cmake_force_configure' from command line to 'False'
[0.384s] Level 5:colcon.colcon_core.verb:set package 'mycobot_pro_600_moveit_config' build argument 'ament_cmake_args' from command line to 'None'
[0.384s] Level 5:colcon.colcon_core.verb:set package 'mycobot_pro_600_moveit_config' build argument 'catkin_cmake_args' from command line to 'None'
[0.384s] Level 5:colcon.colcon_core.verb:set package 'mycobot_pro_600_moveit_config' build argument 'catkin_skip_building_tests' from command line to 'False'
[0.384s] DEBUG:colcon.colcon_core.verb:Building package 'mycobot_pro_600_moveit_config' with the following arguments: {'ament_cmake_args': None, 'build_base': '/home/sanjay/Desktop/cobot600/build/mycobot_pro_600_moveit_config', 'catkin_cmake_args': None, 'catkin_skip_building_tests': False, 'cmake_args': None, 'cmake_clean_cache': False, 'cmake_clean_first': False, 'cmake_force_configure': False, 'cmake_target': None, 'cmake_target_skip_unavailable': False, 'install_base': '/home/sanjay/Desktop/cobot600/install/mycobot_pro_600_moveit_config', 'merge_install': False, 'path': '/home/sanjay/Desktop/cobot600/src/mycobot_pro_600_moveit_config', 'symlink_install': False, 'test_result_base': None}
[0.384s] INFO:colcon.colcon_core.executor:Executing jobs using 'parallel' executor
[0.385s] DEBUG:colcon.colcon_parallel_executor.executor.parallel:run_until_complete
[0.385s] INFO:colcon.colcon_ros.task.ament_cmake.build:Building ROS package in '/home/sanjay/Desktop/cobot600/src/mycobot_pro_600' with build type 'ament_cmake'
[0.386s] INFO:colcon.colcon_cmake.task.cmake.build:Building CMake package in '/home/sanjay/Desktop/cobot600/src/mycobot_pro_600'
[0.388s] INFO:colcon.colcon_core.plugin_system:Skipping extension 'colcon_core.shell.bat': Not used on non-Windows systems
[0.388s] INFO:colcon.colcon_core.shell:Skip shell extension 'powershell' for command environment: Not usable outside of PowerShell
[0.388s] DEBUG:colcon.colcon_core.shell:Skip shell extension 'dsv' for command environment
[0.398s] INFO:colcon.colcon_ros.task.ament_cmake.build:Building ROS package in '/home/sanjay/Desktop/cobot600/src/cpp_cobot_planning' with build type 'ament_cmake'
[0.398s] INFO:colcon.colcon_cmake.task.cmake.build:Building CMake package in '/home/sanjay/Desktop/cobot600/src/cpp_cobot_planning'
[0.399s] INFO:colcon.colcon_core.shell:Skip shell extension 'powershell' for command environment: Not usable outside of PowerShell
[0.399s] DEBUG:colcon.colcon_core.shell:Skip shell extension 'dsv' for command environment
[0.412s] DEBUG:colcon.colcon_core.event_handler.log_command:Invoking command in '/home/sanjay/Desktop/cobot600/build/mycobot_pro_600': CMAKE_PREFIX_PATH=${CMAKE_PREFIX_PATH}:/home/sanjay/ws_moveit2/install/moveit_configs_utils:/home/sanjay/ws_moveit2/install/launch_param_builder:/opt/ros/humble /usr/bin/cmake --build /home/sanjay/Desktop/cobot600/build/mycobot_pro_600 -- -j22 -l22
[0.418s] DEBUG:colcon.colcon_core.event_handler.log_command:Invoking command in '/home/sanjay/Desktop/cobot600/build/cpp_cobot_planning': CMAKE_PREFIX_PATH=${CMAKE_PREFIX_PATH}:/home/sanjay/ws_moveit2/install/moveit_configs_utils:/home/sanjay/ws_moveit2/install/launch_param_builder:/opt/ros/humble /usr/bin/cmake --build /home/sanjay/Desktop/cobot600/build/cpp_cobot_planning -- -j22 -l22
[0.468s] DEBUG:colcon.colcon_core.event_handler.log_command:Invoked command in '/home/sanjay/Desktop/cobot600/build/mycobot_pro_600' returned '0': CMAKE_PREFIX_PATH=${CMAKE_PREFIX_PATH}:/home/sanjay/ws_moveit2/install/moveit_configs_utils:/home/sanjay/ws_moveit2/install/launch_param_builder:/opt/ros/humble /usr/bin/cmake --build /home/sanjay/Desktop/cobot600/build/mycobot_pro_600 -- -j22 -l22
[0.522s] DEBUG:colcon.colcon_core.event_handler.log_command:Invoking command in '/home/sanjay/Desktop/cobot600/build/mycobot_pro_600': CMAKE_PREFIX_PATH=${CMAKE_PREFIX_PATH}:/home/sanjay/ws_moveit2/install/moveit_configs_utils:/home/sanjay/ws_moveit2/install/launch_param_builder:/opt/ros/humble /usr/bin/cmake --install /home/sanjay/Desktop/cobot600/build/mycobot_pro_600
[0.553s] Level 1:colcon.colcon_core.environment:create_environment_scripts_only(mycobot_pro_600)
[0.554s] DEBUG:colcon.colcon_core.event_handler.log_command:Invoked command in '/home/sanjay/Desktop/cobot600/build/mycobot_pro_600' returned '0': CMAKE_PREFIX_PATH=${CMAKE_PREFIX_PATH}:/home/sanjay/ws_moveit2/install/moveit_configs_utils:/home/sanjay/ws_moveit2/install/launch_param_builder:/opt/ros/humble /usr/bin/cmake --install /home/sanjay/Desktop/cobot600/build/mycobot_pro_600
[0.557s] Level 1:colcon.colcon_core.environment:checking '/home/sanjay/Desktop/cobot600/install/mycobot_pro_600' for CMake module files
[0.557s] Level 1:colcon.colcon_core.environment:checking '/home/sanjay/Desktop/cobot600/install/mycobot_pro_600' for CMake config files
[0.558s] Level 1:colcon.colcon_core.shell:create_environment_hook('mycobot_pro_600', 'cmake_prefix_path')
[0.558s] INFO:colcon.colcon_core.shell:Creating environment hook '/home/sanjay/Desktop/cobot600/install/mycobot_pro_600/share/mycobot_pro_600/hook/cmake_prefix_path.ps1'
[0.559s] INFO:colcon.colcon_core.shell:Creating environment descriptor '/home/sanjay/Desktop/cobot600/install/mycobot_pro_600/share/mycobot_pro_600/hook/cmake_prefix_path.dsv'
[0.559s] INFO:colcon.colcon_core.shell:Creating environment hook '/home/sanjay/Desktop/cobot600/install/mycobot_pro_600/share/mycobot_pro_600/hook/cmake_prefix_path.sh'
[0.560s] Level 1:colcon.colcon_core.environment:checking '/home/sanjay/Desktop/cobot600/install/mycobot_pro_600/bin'
[0.561s] Level 1:colcon.colcon_core.environment:checking '/home/sanjay/Desktop/cobot600/install/mycobot_pro_600/lib/pkgconfig/mycobot_pro_600.pc'
[0.561s] Level 1:colcon.colcon_core.environment:checking '/home/sanjay/Desktop/cobot600/install/mycobot_pro_600/lib/python3.10/site-packages'
[0.561s] Level 1:colcon.colcon_core.environment:checking '/home/sanjay/Desktop/cobot600/install/mycobot_pro_600/bin'
[0.561s] INFO:colcon.colcon_core.shell:Creating package script '/home/sanjay/Desktop/cobot600/install/mycobot_pro_600/share/mycobot_pro_600/package.ps1'
[0.562s] INFO:colcon.colcon_core.shell:Creating package descriptor '/home/sanjay/Desktop/cobot600/install/mycobot_pro_600/share/mycobot_pro_600/package.dsv'
[0.563s] INFO:colcon.colcon_core.shell:Creating package script '/home/sanjay/Desktop/cobot600/install/mycobot_pro_600/share/mycobot_pro_600/package.sh'
[0.564s] INFO:colcon.colcon_core.shell:Creating package script '/home/sanjay/Desktop/cobot600/install/mycobot_pro_600/share/mycobot_pro_600/package.bash'
[0.565s] INFO:colcon.colcon_core.shell:Creating package script '/home/sanjay/Desktop/cobot600/install/mycobot_pro_600/share/mycobot_pro_600/package.zsh'
[0.565s] Level 1:colcon.colcon_core.environment:create_file_with_runtime_dependencies(/home/sanjay/Desktop/cobot600/install/mycobot_pro_600/share/colcon-core/packages/mycobot_pro_600)
[0.604s] Level 1:colcon.colcon_core.environment:create_environment_scripts_only(mycobot_pro_600)
[0.605s] Level 1:colcon.colcon_core.environment:checking '/home/sanjay/Desktop/cobot600/install/mycobot_pro_600' for CMake module files
[0.605s] Level 1:colcon.colcon_core.environment:checking '/home/sanjay/Desktop/cobot600/install/mycobot_pro_600' for CMake config files
[0.605s] Level 1:colcon.colcon_core.shell:create_environment_hook('mycobot_pro_600', 'cmake_prefix_path')
[0.606s] INFO:colcon.colcon_core.shell:Creating environment hook '/home/sanjay/Desktop/cobot600/install/mycobot_pro_600/share/mycobot_pro_600/hook/cmake_prefix_path.ps1'
[0.606s] INFO:colcon.colcon_core.shell:Creating environment descriptor '/home/sanjay/Desktop/cobot600/install/mycobot_pro_600/share/mycobot_pro_600/hook/cmake_prefix_path.dsv'
[0.607s] INFO:colcon.colcon_core.shell:Creating environment hook '/home/sanjay/Desktop/cobot600/install/mycobot_pro_600/share/mycobot_pro_600/hook/cmake_prefix_path.sh'
[0.607s] Level 1:colcon.colcon_core.environment:checking '/home/sanjay/Desktop/cobot600/install/mycobot_pro_600/bin'
[0.608s] Level 1:colcon.colcon_core.environment:checking '/home/sanjay/Desktop/cobot600/install/mycobot_pro_600/lib/pkgconfig/mycobot_pro_600.pc'
[0.608s] Level 1:colcon.colcon_core.environment:checking '/home/sanjay/Desktop/cobot600/install/mycobot_pro_600/lib/python3.10/site-packages'
[0.608s] Level 1:colcon.colcon_core.environment:checking '/home/sanjay/Desktop/cobot600/install/mycobot_pro_600/bin'
[0.608s] INFO:colcon.colcon_core.shell:Creating package script '/home/sanjay/Desktop/cobot600/install/mycobot_pro_600/share/mycobot_pro_600/package.ps1'
[0.609s] INFO:colcon.colcon_core.shell:Creating package descriptor '/home/sanjay/Desktop/cobot600/install/mycobot_pro_600/share/mycobot_pro_600/package.dsv'
[0.610s] INFO:colcon.colcon_core.shell:Creating package script '/home/sanjay/Desktop/cobot600/install/mycobot_pro_600/share/mycobot_pro_600/package.sh'
[0.610s] INFO:colcon.colcon_core.shell:Creating package script '/home/sanjay/Desktop/cobot600/install/mycobot_pro_600/share/mycobot_pro_600/package.bash'
[0.611s] INFO:colcon.colcon_core.shell:Creating package script '/home/sanjay/Desktop/cobot600/install/mycobot_pro_600/share/mycobot_pro_600/package.zsh'
[0.611s] Level 1:colcon.colcon_core.environment:create_file_with_runtime_dependencies(/home/sanjay/Desktop/cobot600/install/mycobot_pro_600/share/colcon-core/packages/mycobot_pro_600)
[0.611s] INFO:colcon.colcon_ros.task.ament_cmake.build:Building ROS package in '/home/sanjay/Desktop/cobot600/src/mycobot_pro_600_moveit_config' with build type 'ament_cmake'
[0.612s] INFO:colcon.colcon_cmake.task.cmake.build:Building CMake package in '/home/sanjay/Desktop/cobot600/src/mycobot_pro_600_moveit_config'
[0.612s] INFO:colcon.colcon_core.shell:Skip shell extension 'powershell' for command environment: Not usable outside of PowerShell
[0.612s] DEBUG:colcon.colcon_core.shell:Skip shell extension 'dsv' for command environment
[0.628s] DEBUG:colcon.colcon_core.event_handler.log_command:Invoking command in '/home/sanjay/Desktop/cobot600/build/mycobot_pro_600_moveit_config': CMAKE_PREFIX_PATH=/home/sanjay/Desktop/cobot600/install/mycobot_pro_600:/home/sanjay/Desktop/cobot600/install/mycobot_pro_600_moveit_config:/home/sanjay/Desktop/cobot600/install/cpp_cobot_planning:/home/sanjay/ws_moveit2/install/pilz_industrial_motion_planner_testutils:/home/sanjay/ws_moveit2/install/moveit_runtime:/home/sanjay/ws_moveit2/install/moveit2_tutorials:/home/sanjay/ws_moveit2/install/moveit:/home/sanjay/ws_moveit2/install/moveit_planners:/home/sanjay/ws_moveit2/install/pilz_industrial_motion_planner:/home/sanjay/ws_moveit2/install/moveit_visual_tools:/home/sanjay/ws_moveit2/install/moveit_task_constructor_visualization:/home/sanjay/ws_moveit2/install/moveit_task_constructor_demo:/home/sanjay/ws_moveit2/install/moveit_task_constructor_capabilities:/home/sanjay/ws_moveit2/install/moveit_task_constructor_core:/home/sanjay/ws_moveit2/install/moveit_ros_control_interface:/home/sanjay/ws_moveit2/install/moveit_plugins:/home/sanjay/ws_moveit2/install/moveit_simple_controller_manager:/home/sanjay/ws_moveit2/install/moveit_setup_assistant:/home/sanjay/ws_moveit2/install/moveit_setup_srdf_plugins:/home/sanjay/ws_moveit2/install/moveit_setup_core_plugins:/home/sanjay/ws_moveit2/install/moveit_setup_controllers:/home/sanjay/ws_moveit2/install/moveit_setup_app_plugins:/home/sanjay/ws_moveit2/install/moveit_setup_framework:/home/sanjay/ws_moveit2/install/moveit_servo:/home/sanjay/ws_moveit2/install/moveit_ros:/home/sanjay/ws_moveit2/install/moveit_ros_visualization:/home/sanjay/ws_moveit2/install/moveit_hybrid_planning:/home/sanjay/ws_moveit2/install/moveit_ros_planning_interface:/home/sanjay/ws_moveit2/install/moveit_ros_benchmarks:/home/sanjay/ws_moveit2/install/moveit_ros_warehouse:/home/sanjay/ws_moveit2/install/moveit_ros_robot_interaction:/home/sanjay/ws_moveit2/install/moveit_ros_perception:/home/sanjay/ws_moveit2/install/moveit_resources_prbt_pg70_support:/home/sanjay/ws_moveit2/install/moveit_resources_prbt_moveit_config:/home/sanjay/ws_moveit2/install/moveit_ros_move_group:/home/sanjay/ws_moveit2/install/moveit_planners_ompl:/home/sanjay/ws_moveit2/install/moveit_ros_planning:/home/sanjay/ws_moveit2/install/moveit_ros_occupancy_map_monitor:/home/sanjay/ws_moveit2/install/moveit_resources_prbt_ikfast_manipulator_plugin:/home/sanjay/ws_moveit2/install/moveit_planners_chomp:/home/sanjay/ws_moveit2/install/moveit_kinematics:/home/sanjay/ws_moveit2/install/moveit_chomp_optimizer_adapter:/home/sanjay/ws_moveit2/install/chomp_motion_planner:/home/sanjay/ws_moveit2/install/moveit_core:/home/sanjay/ws_moveit2/install/srdfdom:/home/sanjay/ws_moveit2/install/rviz_marker_tools:/home/sanjay/ws_moveit2/install/rosparam_shortcuts:/home/sanjay/ws_moveit2/install/moveit_task_constructor_msgs:/home/sanjay/ws_moveit2/install/moveit_resources_prbt_support:/home/sanjay/ws_moveit2/install/moveit_resources:/home/sanjay/ws_moveit2/install/moveit_resources_pr2_description:/home/sanjay/ws_moveit2/install/moveit_resources_panda_moveit_config:/home/sanjay/ws_moveit2/install/moveit_resources_panda_description:/home/sanjay/ws_moveit2/install/moveit_resources_fanuc_moveit_config:/home/sanjay/ws_moveit2/install/moveit_resources_fanuc_description:/home/sanjay/ws_moveit2/install/moveit_common:/home/sanjay/ws_moveit2/install/moveit_configs_utils:/home/sanjay/ws_moveit2/install/launch_param_builder:/opt/ros/humble /usr/bin/cmake --build /home/sanjay/Desktop/cobot600/build/mycobot_pro_600_moveit_config -- -j22 -l22
[0.689s] DEBUG:colcon.colcon_core.event_handler.log_command:Invoked command in '/home/sanjay/Desktop/cobot600/build/mycobot_pro_600_moveit_config' returned '0': CMAKE_PREFIX_PATH=/home/sanjay/Desktop/cobot600/install/mycobot_pro_600:/home/sanjay/Desktop/cobot600/install/mycobot_pro_600_moveit_config:/home/sanjay/Desktop/cobot600/install/cpp_cobot_planning:/home/sanjay/ws_moveit2/install/pilz_industrial_motion_planner_testutils:/home/sanjay/ws_moveit2/install/moveit_runtime:/home/sanjay/ws_moveit2/install/moveit2_tutorials:/home/sanjay/ws_moveit2/install/moveit:/home/sanjay/ws_moveit2/install/moveit_planners:/home/sanjay/ws_moveit2/install/pilz_industrial_motion_planner:/home/sanjay/ws_moveit2/install/moveit_visual_tools:/home/sanjay/ws_moveit2/install/moveit_task_constructor_visualization:/home/sanjay/ws_moveit2/install/moveit_task_constructor_demo:/home/sanjay/ws_moveit2/install/moveit_task_constructor_capabilities:/home/sanjay/ws_moveit2/install/moveit_task_constructor_core:/home/sanjay/ws_moveit2/install/moveit_ros_control_interface:/home/sanjay/ws_moveit2/install/moveit_plugins:/home/sanjay/ws_moveit2/install/moveit_simple_controller_manager:/home/sanjay/ws_moveit2/install/moveit_setup_assistant:/home/sanjay/ws_moveit2/install/moveit_setup_srdf_plugins:/home/sanjay/ws_moveit2/install/moveit_setup_core_plugins:/home/sanjay/ws_moveit2/install/moveit_setup_controllers:/home/sanjay/ws_moveit2/install/moveit_setup_app_plugins:/home/sanjay/ws_moveit2/install/moveit_setup_framework:/home/sanjay/ws_moveit2/install/moveit_servo:/home/sanjay/ws_moveit2/install/moveit_ros:/home/sanjay/ws_moveit2/install/moveit_ros_visualization:/home/sanjay/ws_moveit2/install/moveit_hybrid_planning:/home/sanjay/ws_moveit2/install/moveit_ros_planning_interface:/home/sanjay/ws_moveit2/install/moveit_ros_benchmarks:/home/sanjay/ws_moveit2/install/moveit_ros_warehouse:/home/sanjay/ws_moveit2/install/moveit_ros_robot_interaction:/home/sanjay/ws_moveit2/install/moveit_ros_perception:/home/sanjay/ws_moveit2/install/moveit_resources_prbt_pg70_support:/home/sanjay/ws_moveit2/install/moveit_resources_prbt_moveit_config:/home/sanjay/ws_moveit2/install/moveit_ros_move_group:/home/sanjay/ws_moveit2/install/moveit_planners_ompl:/home/sanjay/ws_moveit2/install/moveit_ros_planning:/home/sanjay/ws_moveit2/install/moveit_ros_occupancy_map_monitor:/home/sanjay/ws_moveit2/install/moveit_resources_prbt_ikfast_manipulator_plugin:/home/sanjay/ws_moveit2/install/moveit_planners_chomp:/home/sanjay/ws_moveit2/install/moveit_kinematics:/home/sanjay/ws_moveit2/install/moveit_chomp_optimizer_adapter:/home/sanjay/ws_moveit2/install/chomp_motion_planner:/home/sanjay/ws_moveit2/install/moveit_core:/home/sanjay/ws_moveit2/install/srdfdom:/home/sanjay/ws_moveit2/install/rviz_marker_tools:/home/sanjay/ws_moveit2/install/rosparam_shortcuts:/home/sanjay/ws_moveit2/install/moveit_task_constructor_msgs:/home/sanjay/ws_moveit2/install/moveit_resources_prbt_support:/home/sanjay/ws_moveit2/install/moveit_resources:/home/sanjay/ws_moveit2/install/moveit_resources_pr2_description:/home/sanjay/ws_moveit2/install/moveit_resources_panda_moveit_config:/home/sanjay/ws_moveit2/install/moveit_resources_panda_description:/home/sanjay/ws_moveit2/install/moveit_resources_fanuc_moveit_config:/home/sanjay/ws_moveit2/install/moveit_resources_fanuc_description:/home/sanjay/ws_moveit2/install/moveit_common:/home/sanjay/ws_moveit2/install/moveit_configs_utils:/home/sanjay/ws_moveit2/install/launch_param_builder:/opt/ros/humble /usr/bin/cmake --build /home/sanjay/Desktop/cobot600/build/mycobot_pro_600_moveit_config -- -j22 -l22
[0.731s] DEBUG:colcon.colcon_core.event_handler.log_command:Invoking command in '/home/sanjay/Desktop/cobot600/build/mycobot_pro_600_moveit_config': CMAKE_PREFIX_PATH=/home/sanjay/Desktop/cobot600/install/mycobot_pro_600:/home/sanjay/Desktop/cobot600/install/mycobot_pro_600_moveit_config:/home/sanjay/Desktop/cobot600/install/cpp_cobot_planning:/home/sanjay/ws_moveit2/install/pilz_industrial_motion_planner_testutils:/home/sanjay/ws_moveit2/install/moveit_runtime:/home/sanjay/ws_moveit2/install/moveit2_tutorials:/home/sanjay/ws_moveit2/install/moveit:/home/sanjay/ws_moveit2/install/moveit_planners:/home/sanjay/ws_moveit2/install/pilz_industrial_motion_planner:/home/sanjay/ws_moveit2/install/moveit_visual_tools:/home/sanjay/ws_moveit2/install/moveit_task_constructor_visualization:/home/sanjay/ws_moveit2/install/moveit_task_constructor_demo:/home/sanjay/ws_moveit2/install/moveit_task_constructor_capabilities:/home/sanjay/ws_moveit2/install/moveit_task_constructor_core:/home/sanjay/ws_moveit2/install/moveit_ros_control_interface:/home/sanjay/ws_moveit2/install/moveit_plugins:/home/sanjay/ws_moveit2/install/moveit_simple_controller_manager:/home/sanjay/ws_moveit2/install/moveit_setup_assistant:/home/sanjay/ws_moveit2/install/moveit_setup_srdf_plugins:/home/sanjay/ws_moveit2/install/moveit_setup_core_plugins:/home/sanjay/ws_moveit2/install/moveit_setup_controllers:/home/sanjay/ws_moveit2/install/moveit_setup_app_plugins:/home/sanjay/ws_moveit2/install/moveit_setup_framework:/home/sanjay/ws_moveit2/install/moveit_servo:/home/sanjay/ws_moveit2/install/moveit_ros:/home/sanjay/ws_moveit2/install/moveit_ros_visualization:/home/sanjay/ws_moveit2/install/moveit_hybrid_planning:/home/sanjay/ws_moveit2/install/moveit_ros_planning_interface:/home/sanjay/ws_moveit2/install/moveit_ros_benchmarks:/home/sanjay/ws_moveit2/install/moveit_ros_warehouse:/home/sanjay/ws_moveit2/install/moveit_ros_robot_interaction:/home/sanjay/ws_moveit2/install/moveit_ros_perception:/home/sanjay/ws_moveit2/install/moveit_resources_prbt_pg70_support:/home/sanjay/ws_moveit2/install/moveit_resources_prbt_moveit_config:/home/sanjay/ws_moveit2/install/moveit_ros_move_group:/home/sanjay/ws_moveit2/install/moveit_planners_ompl:/home/sanjay/ws_moveit2/install/moveit_ros_planning:/home/sanjay/ws_moveit2/install/moveit_ros_occupancy_map_monitor:/home/sanjay/ws_moveit2/install/moveit_resources_prbt_ikfast_manipulator_plugin:/home/sanjay/ws_moveit2/install/moveit_planners_chomp:/home/sanjay/ws_moveit2/install/moveit_kinematics:/home/sanjay/ws_moveit2/install/moveit_chomp_optimizer_adapter:/home/sanjay/ws_moveit2/install/chomp_motion_planner:/home/sanjay/ws_moveit2/install/moveit_core:/home/sanjay/ws_moveit2/install/srdfdom:/home/sanjay/ws_moveit2/install/rviz_marker_tools:/home/sanjay/ws_moveit2/install/rosparam_shortcuts:/home/sanjay/ws_moveit2/install/moveit_task_constructor_msgs:/home/sanjay/ws_moveit2/install/moveit_resources_prbt_support:/home/sanjay/ws_moveit2/install/moveit_resources:/home/sanjay/ws_moveit2/install/moveit_resources_pr2_description:/home/sanjay/ws_moveit2/install/moveit_resources_panda_moveit_config:/home/sanjay/ws_moveit2/install/moveit_resources_panda_description:/home/sanjay/ws_moveit2/install/moveit_resources_fanuc_moveit_config:/home/sanjay/ws_moveit2/install/moveit_resources_fanuc_description:/home/sanjay/ws_moveit2/install/moveit_common:/home/sanjay/ws_moveit2/install/moveit_configs_utils:/home/sanjay/ws_moveit2/install/launch_param_builder:/opt/ros/humble /usr/bin/cmake --install /home/sanjay/Desktop/cobot600/build/mycobot_pro_600_moveit_config
[0.763s] Level 1:colcon.colcon_core.environment:create_environment_scripts_only(mycobot_pro_600_moveit_config)
[0.764s] Level 1:colcon.colcon_core.environment:checking '/home/sanjay/Desktop/cobot600/install/mycobot_pro_600_moveit_config' for CMake module files
[0.764s] DEBUG:colcon.colcon_core.event_handler.log_command:Invoked command in '/home/sanjay/Desktop/cobot600/build/mycobot_pro_600_moveit_config' returned '0': CMAKE_PREFIX_PATH=/home/sanjay/Desktop/cobot600/install/mycobot_pro_600:/home/sanjay/Desktop/cobot600/install/mycobot_pro_600_moveit_config:/home/sanjay/Desktop/cobot600/install/cpp_cobot_planning:/home/sanjay/ws_moveit2/install/pilz_industrial_motion_planner_testutils:/home/sanjay/ws_moveit2/install/moveit_runtime:/home/sanjay/ws_moveit2/install/moveit2_tutorials:/home/sanjay/ws_moveit2/install/moveit:/home/sanjay/ws_moveit2/install/moveit_planners:/home/sanjay/ws_moveit2/install/pilz_industrial_motion_planner:/home/sanjay/ws_moveit2/install/moveit_visual_tools:/home/sanjay/ws_moveit2/install/moveit_task_constructor_visualization:/home/sanjay/ws_moveit2/install/moveit_task_constructor_demo:/home/sanjay/ws_moveit2/install/moveit_task_constructor_capabilities:/home/sanjay/ws_moveit2/install/moveit_task_constructor_core:/home/sanjay/ws_moveit2/install/moveit_ros_control_interface:/home/sanjay/ws_moveit2/install/moveit_plugins:/home/sanjay/ws_moveit2/install/moveit_simple_controller_manager:/home/sanjay/ws_moveit2/install/moveit_setup_assistant:/home/sanjay/ws_moveit2/install/moveit_setup_srdf_plugins:/home/sanjay/ws_moveit2/install/moveit_setup_core_plugins:/home/sanjay/ws_moveit2/install/moveit_setup_controllers:/home/sanjay/ws_moveit2/install/moveit_setup_app_plugins:/home/sanjay/ws_moveit2/install/moveit_setup_framework:/home/sanjay/ws_moveit2/install/moveit_servo:/home/sanjay/ws_moveit2/install/moveit_ros:/home/sanjay/ws_moveit2/install/moveit_ros_visualization:/home/sanjay/ws_moveit2/install/moveit_hybrid_planning:/home/sanjay/ws_moveit2/install/moveit_ros_planning_interface:/home/sanjay/ws_moveit2/install/moveit_ros_benchmarks:/home/sanjay/ws_moveit2/install/moveit_ros_warehouse:/home/sanjay/ws_moveit2/install/moveit_ros_robot_interaction:/home/sanjay/ws_moveit2/install/moveit_ros_perception:/home/sanjay/ws_moveit2/install/moveit_resources_prbt_pg70_support:/home/sanjay/ws_moveit2/install/moveit_resources_prbt_moveit_config:/home/sanjay/ws_moveit2/install/moveit_ros_move_group:/home/sanjay/ws_moveit2/install/moveit_planners_ompl:/home/sanjay/ws_moveit2/install/moveit_ros_planning:/home/sanjay/ws_moveit2/install/moveit_ros_occupancy_map_monitor:/home/sanjay/ws_moveit2/install/moveit_resources_prbt_ikfast_manipulator_plugin:/home/sanjay/ws_moveit2/install/moveit_planners_chomp:/home/sanjay/ws_moveit2/install/moveit_kinematics:/home/sanjay/ws_moveit2/install/moveit_chomp_optimizer_adapter:/home/sanjay/ws_moveit2/install/chomp_motion_planner:/home/sanjay/ws_moveit2/install/moveit_core:/home/sanjay/ws_moveit2/install/srdfdom:/home/sanjay/ws_moveit2/install/rviz_marker_tools:/home/sanjay/ws_moveit2/install/rosparam_shortcuts:/home/sanjay/ws_moveit2/install/moveit_task_constructor_msgs:/home/sanjay/ws_moveit2/install/moveit_resources_prbt_support:/home/sanjay/ws_moveit2/install/moveit_resources:/home/sanjay/ws_moveit2/install/moveit_resources_pr2_description:/home/sanjay/ws_moveit2/install/moveit_resources_panda_moveit_config:/home/sanjay/ws_moveit2/install/moveit_resources_panda_description:/home/sanjay/ws_moveit2/install/moveit_resources_fanuc_moveit_config:/home/sanjay/ws_moveit2/install/moveit_resources_fanuc_description:/home/sanjay/ws_moveit2/install/moveit_common:/home/sanjay/ws_moveit2/install/moveit_configs_utils:/home/sanjay/ws_moveit2/install/launch_param_builder:/opt/ros/humble /usr/bin/cmake --install /home/sanjay/Desktop/cobot600/build/mycobot_pro_600_moveit_config
[0.764s] Level 1:colcon.colcon_core.environment:checking '/home/sanjay/Desktop/cobot600/install/mycobot_pro_600_moveit_config' for CMake config files
[0.765s] Level 1:colcon.colcon_core.shell:create_environment_hook('mycobot_pro_600_moveit_config', 'cmake_prefix_path')
[0.765s] INFO:colcon.colcon_core.shell:Creating environment hook '/home/sanjay/Desktop/cobot600/install/mycobot_pro_600_moveit_config/share/mycobot_pro_600_moveit_config/hook/cmake_prefix_path.ps1'
[0.765s] INFO:colcon.colcon_core.shell:Creating environment descriptor '/home/sanjay/Desktop/cobot600/install/mycobot_pro_600_moveit_config/share/mycobot_pro_600_moveit_config/hook/cmake_prefix_path.dsv'
[0.766s] INFO:colcon.colcon_core.shell:Creating environment hook '/home/sanjay/Desktop/cobot600/install/mycobot_pro_600_moveit_config/share/mycobot_pro_600_moveit_config/hook/cmake_prefix_path.sh'
[0.766s] Level 1:colcon.colcon_core.environment:checking '/home/sanjay/Desktop/cobot600/install/mycobot_pro_600_moveit_config/bin'
[0.766s] Level 1:colcon.colcon_core.environment:checking '/home/sanjay/Desktop/cobot600/install/mycobot_pro_600_moveit_config/lib/pkgconfig/mycobot_pro_600_moveit_config.pc'
[0.767s] Level 1:colcon.colcon_core.environment:checking '/home/sanjay/Desktop/cobot600/install/mycobot_pro_600_moveit_config/lib/python3.10/site-packages'
[0.767s] Level 1:colcon.colcon_core.environment:checking '/home/sanjay/Desktop/cobot600/install/mycobot_pro_600_moveit_config/bin'
[0.767s] INFO:colcon.colcon_core.shell:Creating package script '/home/sanjay/Desktop/cobot600/install/mycobot_pro_600_moveit_config/share/mycobot_pro_600_moveit_config/package.ps1'
[0.767s] INFO:colcon.colcon_core.shell:Creating package descriptor '/home/sanjay/Desktop/cobot600/install/mycobot_pro_600_moveit_config/share/mycobot_pro_600_moveit_config/package.dsv'
[0.768s] INFO:colcon.colcon_core.shell:Creating package script '/home/sanjay/Desktop/cobot600/install/mycobot_pro_600_moveit_config/share/mycobot_pro_600_moveit_config/package.sh'
[0.768s] INFO:colcon.colcon_core.shell:Creating package script '/home/sanjay/Desktop/cobot600/install/mycobot_pro_600_moveit_config/share/mycobot_pro_600_moveit_config/package.bash'
[0.769s] INFO:colcon.colcon_core.shell:Creating package script '/home/sanjay/Desktop/cobot600/install/mycobot_pro_600_moveit_config/share/mycobot_pro_600_moveit_config/package.zsh'
[0.769s] Level 1:colcon.colcon_core.environment:create_file_with_runtime_dependencies(/home/sanjay/Desktop/cobot600/install/mycobot_pro_600_moveit_config/share/colcon-core/packages/mycobot_pro_600_moveit_config)
[0.813s] Level 1:colcon.colcon_core.environment:create_environment_scripts_only(mycobot_pro_600_moveit_config)
[0.813s] Level 1:colcon.colcon_core.environment:checking '/home/sanjay/Desktop/cobot600/install/mycobot_pro_600_moveit_config' for CMake module files
[0.814s] Level 1:colcon.colcon_core.environment:checking '/home/sanjay/Desktop/cobot600/install/mycobot_pro_600_moveit_config' for CMake config files
[0.815s] Level 1:colcon.colcon_core.shell:create_environment_hook('mycobot_pro_600_moveit_config', 'cmake_prefix_path')
[0.815s] INFO:colcon.colcon_core.shell:Creating environment hook '/home/sanjay/Desktop/cobot600/install/mycobot_pro_600_moveit_config/share/mycobot_pro_600_moveit_config/hook/cmake_prefix_path.ps1'
[0.815s] INFO:colcon.colcon_core.shell:Creating environment descriptor '/home/sanjay/Desktop/cobot600/install/mycobot_pro_600_moveit_config/share/mycobot_pro_600_moveit_config/hook/cmake_prefix_path.dsv'
[0.816s] INFO:colcon.colcon_core.shell:Creating environment hook '/home/sanjay/Desktop/cobot600/install/mycobot_pro_600_moveit_config/share/mycobot_pro_600_moveit_config/hook/cmake_prefix_path.sh'
[0.817s] Level 1:colcon.colcon_core.environment:checking '/home/sanjay/Desktop/cobot600/install/mycobot_pro_600_moveit_config/bin'
[0.817s] Level 1:colcon.colcon_core.environment:checking '/home/sanjay/Desktop/cobot600/install/mycobot_pro_600_moveit_config/lib/pkgconfig/mycobot_pro_600_moveit_config.pc'
[0.817s] Level 1:colcon.colcon_core.environment:checking '/home/sanjay/Desktop/cobot600/install/mycobot_pro_600_moveit_config/lib/python3.10/site-packages'
[0.817s] Level 1:colcon.colcon_core.environment:checking '/home/sanjay/Desktop/cobot600/install/mycobot_pro_600_moveit_config/bin'
[0.818s] INFO:colcon.colcon_core.shell:Creating package script '/home/sanjay/Desktop/cobot600/install/mycobot_pro_600_moveit_config/share/mycobot_pro_600_moveit_config/package.ps1'
[0.818s] INFO:colcon.colcon_core.shell:Creating package descriptor '/home/sanjay/Desktop/cobot600/install/mycobot_pro_600_moveit_config/share/mycobot_pro_600_moveit_config/package.dsv'
[0.819s] INFO:colcon.colcon_core.shell:Creating package script '/home/sanjay/Desktop/cobot600/install/mycobot_pro_600_moveit_config/share/mycobot_pro_600_moveit_config/package.sh'
[0.819s] INFO:colcon.colcon_core.shell:Creating package script '/home/sanjay/Desktop/cobot600/install/mycobot_pro_600_moveit_config/share/mycobot_pro_600_moveit_config/package.bash'
[0.820s] INFO:colcon.colcon_core.shell:Creating package script '/home/sanjay/Desktop/cobot600/install/mycobot_pro_600_moveit_config/share/mycobot_pro_600_moveit_config/package.zsh'
[0.820s] Level 1:colcon.colcon_core.environment:create_file_with_runtime_dependencies(/home/sanjay/Desktop/cobot600/install/mycobot_pro_600_moveit_config/share/colcon-core/packages/mycobot_pro_600_moveit_config)
[8.703s] DEBUG:colcon.colcon_core.event_handler.log_command:Invoked command in '/home/sanjay/Desktop/cobot600/build/cpp_cobot_planning' returned '0': CMAKE_PREFIX_PATH=${CMAKE_PREFIX_PATH}:/home/sanjay/ws_moveit2/install/moveit_configs_utils:/home/sanjay/ws_moveit2/install/launch_param_builder:/opt/ros/humble /usr/bin/cmake --build /home/sanjay/Desktop/cobot600/build/cpp_cobot_planning -- -j22 -l22
[8.750s] DEBUG:colcon.colcon_core.event_handler.log_command:Invoking command in '/home/sanjay/Desktop/cobot600/build/cpp_cobot_planning': CMAKE_PREFIX_PATH=${CMAKE_PREFIX_PATH}:/home/sanjay/ws_moveit2/install/moveit_configs_utils:/home/sanjay/ws_moveit2/install/launch_param_builder:/opt/ros/humble /usr/bin/cmake --install /home/sanjay/Desktop/cobot600/build/cpp_cobot_planning
[8.782s] Level 1:colcon.colcon_core.environment:create_environment_scripts_only(cpp_cobot_planning)
[8.783s] Level 1:colcon.colcon_core.environment:checking '/home/sanjay/Desktop/cobot600/install/cpp_cobot_planning' for CMake module files
[8.783s] DEBUG:colcon.colcon_core.event_handler.log_command:Invoked command in '/home/sanjay/Desktop/cobot600/build/cpp_cobot_planning' returned '0': CMAKE_PREFIX_PATH=${CMAKE_PREFIX_PATH}:/home/sanjay/ws_moveit2/install/moveit_configs_utils:/home/sanjay/ws_moveit2/install/launch_param_builder:/opt/ros/humble /usr/bin/cmake --install /home/sanjay/Desktop/cobot600/build/cpp_cobot_planning
[8.784s] Level 1:colcon.colcon_core.environment:checking '/home/sanjay/Desktop/cobot600/install/cpp_cobot_planning' for CMake config files
[8.784s] Level 1:colcon.colcon_core.shell:create_environment_hook('cpp_cobot_planning', 'cmake_prefix_path')
[8.784s] INFO:colcon.colcon_core.shell:Creating environment hook '/home/sanjay/Desktop/cobot600/install/cpp_cobot_planning/share/cpp_cobot_planning/hook/cmake_prefix_path.ps1'
[8.785s] INFO:colcon.colcon_core.shell:Creating environment descriptor '/home/sanjay/Desktop/cobot600/install/cpp_cobot_planning/share/cpp_cobot_planning/hook/cmake_prefix_path.dsv'
[8.785s] INFO:colcon.colcon_core.shell:Creating environment hook '/home/sanjay/Desktop/cobot600/install/cpp_cobot_planning/share/cpp_cobot_planning/hook/cmake_prefix_path.sh'
[8.786s] Level 1:colcon.colcon_core.environment:checking '/home/sanjay/Desktop/cobot600/install/cpp_cobot_planning/lib'
[8.787s] Level 1:colcon.colcon_core.environment:checking '/home/sanjay/Desktop/cobot600/install/cpp_cobot_planning/bin'
[8.787s] Level 1:colcon.colcon_core.environment:checking '/home/sanjay/Desktop/cobot600/install/cpp_cobot_planning/lib/pkgconfig/cpp_cobot_planning.pc'
[8.788s] Level 1:colcon.colcon_core.environment:checking '/home/sanjay/Desktop/cobot600/install/cpp_cobot_planning/lib/python3.10/site-packages'
[8.788s] Level 1:colcon.colcon_core.environment:checking '/home/sanjay/Desktop/cobot600/install/cpp_cobot_planning/bin'
[8.789s] INFO:colcon.colcon_core.shell:Creating package script '/home/sanjay/Desktop/cobot600/install/cpp_cobot_planning/share/cpp_cobot_planning/package.ps1'
[8.789s] INFO:colcon.colcon_core.shell:Creating package descriptor '/home/sanjay/Desktop/cobot600/install/cpp_cobot_planning/share/cpp_cobot_planning/package.dsv'
[8.790s] INFO:colcon.colcon_core.shell:Creating package script '/home/sanjay/Desktop/cobot600/install/cpp_cobot_planning/share/cpp_cobot_planning/package.sh'
[8.790s] INFO:colcon.colcon_core.shell:Creating package script '/home/sanjay/Desktop/cobot600/install/cpp_cobot_planning/share/cpp_cobot_planning/package.bash'
[8.791s] INFO:colcon.colcon_core.shell:Creating package script '/home/sanjay/Desktop/cobot600/install/cpp_cobot_planning/share/cpp_cobot_planning/package.zsh'
[8.791s] Level 1:colcon.colcon_core.environment:create_file_with_runtime_dependencies(/home/sanjay/Desktop/cobot600/install/cpp_cobot_planning/share/colcon-core/packages/cpp_cobot_planning)
[8.839s] Level 1:colcon.colcon_core.environment:create_environment_scripts_only(cpp_cobot_planning)
[8.839s] Level 1:colcon.colcon_core.environment:checking '/home/sanjay/Desktop/cobot600/install/cpp_cobot_planning' for CMake module files
[8.840s] Level 1:colcon.colcon_core.environment:checking '/home/sanjay/Desktop/cobot600/install/cpp_cobot_planning' for CMake config files
[8.840s] Level 1:colcon.colcon_core.shell:create_environment_hook('cpp_cobot_planning', 'cmake_prefix_path')
[8.840s] INFO:colcon.colcon_core.shell:Creating environment hook '/home/sanjay/Desktop/cobot600/install/cpp_cobot_planning/share/cpp_cobot_planning/hook/cmake_prefix_path.ps1'
[8.841s] INFO:colcon.colcon_core.shell:Creating environment descriptor '/home/sanjay/Desktop/cobot600/install/cpp_cobot_planning/share/cpp_cobot_planning/hook/cmake_prefix_path.dsv'
[8.842s] INFO:colcon.colcon_core.shell:Creating environment hook '/home/sanjay/Desktop/cobot600/install/cpp_cobot_planning/share/cpp_cobot_planning/hook/cmake_prefix_path.sh'
[8.842s] Level 1:colcon.colcon_core.environment:checking '/home/sanjay/Desktop/cobot600/install/cpp_cobot_planning/lib'
[8.842s] Level 1:colcon.colcon_core.environment:checking '/home/sanjay/Desktop/cobot600/install/cpp_cobot_planning/bin'
[8.843s] Level 1:colcon.colcon_core.environment:checking '/home/sanjay/Desktop/cobot600/install/cpp_cobot_planning/lib/pkgconfig/cpp_cobot_planning.pc'
[8.843s] Level 1:colcon.colcon_core.environment:checking '/home/sanjay/Desktop/cobot600/install/cpp_cobot_planning/lib/python3.10/site-packages'
[8.843s] Level 1:colcon.colcon_core.environment:checking '/home/sanjay/Desktop/cobot600/install/cpp_cobot_planning/bin'
[8.843s] INFO:colcon.colcon_core.shell:Creating package script '/home/sanjay/Desktop/cobot600/install/cpp_cobot_planning/share/cpp_cobot_planning/package.ps1'
[8.844s] INFO:colcon.colcon_core.shell:Creating package descriptor '/home/sanjay/Desktop/cobot600/install/cpp_cobot_planning/share/cpp_cobot_planning/package.dsv'
[8.845s] INFO:colcon.colcon_core.shell:Creating package script '/home/sanjay/Desktop/cobot600/install/cpp_cobot_planning/share/cpp_cobot_planning/package.sh'
[8.845s] INFO:colcon.colcon_core.shell:Creating package script '/home/sanjay/Desktop/cobot600/install/cpp_cobot_planning/share/cpp_cobot_planning/package.bash'
[8.846s] INFO:colcon.colcon_core.shell:Creating package script '/home/sanjay/Desktop/cobot600/install/cpp_cobot_planning/share/cpp_cobot_planning/package.zsh'
[8.846s] Level 1:colcon.colcon_core.environment:create_file_with_runtime_dependencies(/home/sanjay/Desktop/cobot600/install/cpp_cobot_planning/share/colcon-core/packages/cpp_cobot_planning)
[8.846s] DEBUG:colcon.colcon_parallel_executor.executor.parallel:closing loop
[8.847s] DEBUG:colcon.colcon_parallel_executor.executor.parallel:loop closed
[8.847s] DEBUG:colcon.colcon_parallel_executor.executor.parallel:run_until_complete finished with '0'
[8.847s] DEBUG:colcon.colcon_core.event_reactor:joining thread
[8.854s] INFO:colcon.colcon_core.plugin_system:Skipping extension 'colcon_notification.desktop_notification.terminal_notifier': Not used on non-Darwin systems
[8.854s] INFO:colcon.colcon_core.plugin_system:Skipping extension 'colcon_notification.desktop_notification.win32': Not used on non-Windows systems
[8.854s] INFO:colcon.colcon_notification.desktop_notification:Sending desktop notification using 'notify2'
[8.878s] DEBUG:colcon.colcon_core.event_reactor:joined thread
[8.878s] INFO:colcon.colcon_core.shell:Creating prefix script '/home/sanjay/Desktop/cobot600/install/local_setup.ps1'
[8.880s] INFO:colcon.colcon_core.shell:Creating prefix util module '/home/sanjay/Desktop/cobot600/install/_local_setup_util_ps1.py'
[8.881s] INFO:colcon.colcon_core.shell:Creating prefix chain script '/home/sanjay/Desktop/cobot600/install/setup.ps1'
[8.884s] INFO:colcon.colcon_core.shell:Creating prefix script '/home/sanjay/Desktop/cobot600/install/local_setup.sh'
[8.885s] INFO:colcon.colcon_core.shell:Creating prefix util module '/home/sanjay/Desktop/cobot600/install/_local_setup_util_sh.py'
[8.886s] INFO:colcon.colcon_core.shell:Creating prefix chain script '/home/sanjay/Desktop/cobot600/install/setup.sh'
[8.889s] INFO:colcon.colcon_core.shell:Creating prefix script '/home/sanjay/Desktop/cobot600/install/local_setup.bash'
[8.890s] INFO:colcon.colcon_core.shell:Creating prefix chain script '/home/sanjay/Desktop/cobot600/install/setup.bash'
[8.893s] INFO:colcon.colcon_core.shell:Creating prefix script '/home/sanjay/Desktop/cobot600/install/local_setup.zsh'
[8.893s] INFO:colcon.colcon_core.shell:Creating prefix chain script '/home/sanjay/Desktop/cobot600/install/setup.zsh'
