[0.117s] DEBUG:colcon:Command line arguments: ['/usr/bin/colcon', 'list', '-p', '--base-paths', '/home/sanjay/Desktop/cobot600']
[0.117s] DEBUG:colcon:Parsed command line arguments: Namespace(log_base=None, log_level=None, verb_name='list', build_base='build', ignore_user_meta=False, metas=['./colcon.meta'], base_paths=['/home/sanjay/Desktop/cobot600'], packages_ignore=None, packages_ignore_regex=None, paths=None, packages_up_to=None, packages_up_to_regex=None, packages_above=None, packages_above_and_dependencies=None, packages_above_depth=None, packages_select_by_dep=None, packages_skip_by_dep=None, packages_skip_up_to=None, packages_select_build_failed=False, packages_skip_build_finished=False, packages_select_test_failures=False, packages_skip_test_passed=False, packages_select=None, packages_skip=None, packages_select_regex=None, packages_skip_regex=None, packages_start=None, packages_end=None, allow_overriding=[], topological_order=False, names_only=False, paths_only=True, topological_graph=False, topological_graph_dot=False, topological_graph_density=False, topological_graph_legend=False, topological_graph_dot_cluster=False, topological_graph_dot_include_skipped=False, mixin_files=None, mixin=None, verb_parser=<colcon_mixin.mixin.mixin_argument.MixinArgumentDecorator object at 0x73323d432b60>, verb_extension=<colcon_package_information.verb.list.ListVerb object at 0x73323d431ae0>, main=<bound method ListVerb.main of <colcon_package_information.verb.list.ListVerb object at 0x73323d431ae0>>, mixin_verb=('list',))
[0.285s] Level 1:colcon.colcon_core.package_discovery:discover_packages(colcon_meta) check parameters
[0.285s] Level 1:colcon.colcon_core.package_discovery:discover_packages(recursive) check parameters
[0.285s] Level 1:colcon.colcon_core.package_discovery:discover_packages(ignore) check parameters
[0.285s] Level 1:colcon.colcon_core.package_discovery:discover_packages(path) check parameters
[0.286s] Level 1:colcon.colcon_core.package_discovery:discover_packages(recursive) discover
[0.286s] INFO:colcon.colcon_core.package_discovery:Crawling recursively for packages in '/home/sanjay/Desktop/cobot600'
[0.286s] Level 1:colcon.colcon_core.package_identification:_identify(/home/sanjay/Desktop/cobot600) by extensions ['ignore', 'ignore_ament_install']
[0.286s] Level 1:colcon.colcon_core.package_identification:_identify(/home/sanjay/Desktop/cobot600) by extension 'ignore'
[0.286s] Level 1:colcon.colcon_core.package_identification:_identify(/home/sanjay/Desktop/cobot600) by extension 'ignore_ament_install'
[0.286s] Level 1:colcon.colcon_core.package_identification:_identify(/home/sanjay/Desktop/cobot600) by extensions ['colcon_pkg']
[0.286s] Level 1:colcon.colcon_core.package_identification:_identify(/home/sanjay/Desktop/cobot600) by extension 'colcon_pkg'
[0.286s] Level 1:colcon.colcon_core.package_identification:_identify(/home/sanjay/Desktop/cobot600) by extensions ['colcon_meta']
[0.286s] Level 1:colcon.colcon_core.package_identification:_identify(/home/sanjay/Desktop/cobot600) by extension 'colcon_meta'
[0.286s] Level 1:colcon.colcon_core.package_identification:_identify(/home/sanjay/Desktop/cobot600) by extensions ['ros']
[0.286s] Level 1:colcon.colcon_core.package_identification:_identify(/home/sanjay/Desktop/cobot600) by extension 'ros'
[0.298s] Level 1:colcon.colcon_core.package_identification:_identify(/home/sanjay/Desktop/cobot600) by extensions ['cmake', 'python']
[0.298s] Level 1:colcon.colcon_core.package_identification:_identify(/home/sanjay/Desktop/cobot600) by extension 'cmake'
[0.299s] Level 1:colcon.colcon_core.package_identification:_identify(/home/sanjay/Desktop/cobot600) by extension 'python'
[0.299s] Level 1:colcon.colcon_core.package_identification:_identify(/home/sanjay/Desktop/cobot600) by extensions ['python_setup_py']
[0.299s] Level 1:colcon.colcon_core.package_identification:_identify(/home/sanjay/Desktop/cobot600) by extension 'python_setup_py'
[0.299s] Level 1:colcon.colcon_core.package_identification:_identify(/home/sanjay/Desktop/cobot600/build) by extensions ['ignore', 'ignore_ament_install']
[0.299s] Level 1:colcon.colcon_core.package_identification:_identify(/home/sanjay/Desktop/cobot600/build) by extension 'ignore'
[0.299s] Level 1:colcon.colcon_core.package_identification:_identify(/home/sanjay/Desktop/cobot600/build) ignored
[0.299s] Level 1:colcon.colcon_core.package_identification:_identify(/home/sanjay/Desktop/cobot600/install) by extensions ['ignore', 'ignore_ament_install']
[0.299s] Level 1:colcon.colcon_core.package_identification:_identify(/home/sanjay/Desktop/cobot600/install) by extension 'ignore'
[0.299s] Level 1:colcon.colcon_core.package_identification:_identify(/home/sanjay/Desktop/cobot600/install) ignored
[0.299s] Level 1:colcon.colcon_core.package_identification:_identify(/home/sanjay/Desktop/cobot600/log) by extensions ['ignore', 'ignore_ament_install']
[0.299s] Level 1:colcon.colcon_core.package_identification:_identify(/home/sanjay/Desktop/cobot600/log) by extension 'ignore'
[0.299s] Level 1:colcon.colcon_core.package_identification:_identify(/home/sanjay/Desktop/cobot600/log) ignored
[0.300s] Level 1:colcon.colcon_core.package_identification:_identify(/home/sanjay/Desktop/cobot600/src) by extensions ['ignore', 'ignore_ament_install']
[0.300s] Level 1:colcon.colcon_core.package_identification:_identify(/home/sanjay/Desktop/cobot600/src) by extension 'ignore'
[0.300s] Level 1:colcon.colcon_core.package_identification:_identify(/home/sanjay/Desktop/cobot600/src) by extension 'ignore_ament_install'
[0.300s] Level 1:colcon.colcon_core.package_identification:_identify(/home/sanjay/Desktop/cobot600/src) by extensions ['colcon_pkg']
[0.300s] Level 1:colcon.colcon_core.package_identification:_identify(/home/sanjay/Desktop/cobot600/src) by extension 'colcon_pkg'
[0.300s] Level 1:colcon.colcon_core.package_identification:_identify(/home/sanjay/Desktop/cobot600/src) by extensions ['colcon_meta']
[0.300s] Level 1:colcon.colcon_core.package_identification:_identify(/home/sanjay/Desktop/cobot600/src) by extension 'colcon_meta'
[0.300s] Level 1:colcon.colcon_core.package_identification:_identify(/home/sanjay/Desktop/cobot600/src) by extensions ['ros']
[0.300s] Level 1:colcon.colcon_core.package_identification:_identify(/home/sanjay/Desktop/cobot600/src) by extension 'ros'
[0.300s] Level 1:colcon.colcon_core.package_identification:_identify(/home/sanjay/Desktop/cobot600/src) by extensions ['cmake', 'python']
[0.300s] Level 1:colcon.colcon_core.package_identification:_identify(/home/sanjay/Desktop/cobot600/src) by extension 'cmake'
[0.300s] Level 1:colcon.colcon_core.package_identification:_identify(/home/sanjay/Desktop/cobot600/src) by extension 'python'
[0.300s] Level 1:colcon.colcon_core.package_identification:_identify(/home/sanjay/Desktop/cobot600/src) by extensions ['python_setup_py']
[0.300s] Level 1:colcon.colcon_core.package_identification:_identify(/home/sanjay/Desktop/cobot600/src) by extension 'python_setup_py'
[0.300s] Level 1:colcon.colcon_core.package_identification:_identify(/home/sanjay/Desktop/cobot600/src/mycobot_pro_600) by extensions ['ignore', 'ignore_ament_install']
[0.300s] Level 1:colcon.colcon_core.package_identification:_identify(/home/sanjay/Desktop/cobot600/src/mycobot_pro_600) by extension 'ignore'
[0.300s] Level 1:colcon.colcon_core.package_identification:_identify(/home/sanjay/Desktop/cobot600/src/mycobot_pro_600) by extension 'ignore_ament_install'
[0.300s] Level 1:colcon.colcon_core.package_identification:_identify(/home/sanjay/Desktop/cobot600/src/mycobot_pro_600) by extensions ['colcon_pkg']
[0.300s] Level 1:colcon.colcon_core.package_identification:_identify(/home/sanjay/Desktop/cobot600/src/mycobot_pro_600) by extension 'colcon_pkg'
[0.300s] Level 1:colcon.colcon_core.package_identification:_identify(/home/sanjay/Desktop/cobot600/src/mycobot_pro_600) by extensions ['colcon_meta']
[0.300s] Level 1:colcon.colcon_core.package_identification:_identify(/home/sanjay/Desktop/cobot600/src/mycobot_pro_600) by extension 'colcon_meta'
[0.300s] Level 1:colcon.colcon_core.package_identification:_identify(/home/sanjay/Desktop/cobot600/src/mycobot_pro_600) by extensions ['ros']
[0.301s] Level 1:colcon.colcon_core.package_identification:_identify(/home/sanjay/Desktop/cobot600/src/mycobot_pro_600) by extension 'ros'
[0.303s] DEBUG:colcon.colcon_core.package_identification:Package '/home/sanjay/Desktop/cobot600/src/mycobot_pro_600' with type 'ros.ament_cmake' and name 'mycobot_pro_600'
[0.303s] Level 1:colcon.colcon_core.package_discovery:discover_packages(recursive) using defaults
