[0.016s] Invoking command in '/home/sanjay/Desktop/cobot600/build/cpp_cobot_planning': CMAKE_PREFIX_PATH=${CMAKE_PREFIX_PATH}:/home/sanjay/ws_moveit2/install/moveit_configs_utils:/home/sanjay/ws_moveit2/install/launch_param_builder:/opt/ros/humble /usr/bin/cmake --build /home/sanjay/Desktop/cobot600/build/cpp_cobot_planning -- -j22 -l22
[0.108s] [100%] Built target cpp_cobot_planning
[0.124s] Invoked command in '/home/sanjay/Desktop/cobot600/build/cpp_cobot_planning' returned '0': CMAKE_PREFIX_PATH=${CMAKE_PREFIX_PATH}:/home/sanjay/ws_moveit2/install/moveit_configs_utils:/home/sanjay/ws_moveit2/install/launch_param_builder:/opt/ros/humble /usr/bin/cmake --build /home/sanjay/Desktop/cobot600/build/cpp_cobot_planning -- -j22 -l22
[0.173s] Invoking command in '/home/sanjay/Desktop/cobot600/build/cpp_cobot_planning': CMAKE_PREFIX_PATH=${CMAKE_PREFIX_PATH}:/home/sanjay/ws_moveit2/install/moveit_configs_utils:/home/sanjay/ws_moveit2/install/launch_param_builder:/opt/ros/humble /usr/bin/cmake --install /home/sanjay/Desktop/cobot600/build/cpp_cobot_planning
[0.185s] -- Install configuration: ""
[0.185s] -- Execute custom install script
[0.186s] -- Up-to-date symlink: /home/sanjay/Desktop/cobot600/install/cpp_cobot_planning/lib/cpp_cobot_planning/cpp_cobot_planning
[0.186s] -- Up-to-date symlink: /home/sanjay/Desktop/cobot600/install/cpp_cobot_planning/share/ament_index/resource_index/package_run_dependencies/cpp_cobot_planning
[0.186s] -- Up-to-date symlink: /home/sanjay/Desktop/cobot600/install/cpp_cobot_planning/share/ament_index/resource_index/parent_prefix_path/cpp_cobot_planning
[0.186s] -- Up-to-date symlink: /home/sanjay/Desktop/cobot600/install/cpp_cobot_planning/share/cpp_cobot_planning/environment/ament_prefix_path.sh
[0.187s] -- Up-to-date symlink: /home/sanjay/Desktop/cobot600/install/cpp_cobot_planning/share/cpp_cobot_planning/environment/ament_prefix_path.dsv
[0.187s] -- Up-to-date symlink: /home/sanjay/Desktop/cobot600/install/cpp_cobot_planning/share/cpp_cobot_planning/environment/path.sh
[0.187s] -- Up-to-date symlink: /home/sanjay/Desktop/cobot600/install/cpp_cobot_planning/share/cpp_cobot_planning/environment/path.dsv
[0.187s] -- Up-to-date symlink: /home/sanjay/Desktop/cobot600/install/cpp_cobot_planning/share/cpp_cobot_planning/local_setup.bash
[0.187s] -- Up-to-date symlink: /home/sanjay/Desktop/cobot600/install/cpp_cobot_planning/share/cpp_cobot_planning/local_setup.sh
[0.187s] -- Up-to-date symlink: /home/sanjay/Desktop/cobot600/install/cpp_cobot_planning/share/cpp_cobot_planning/local_setup.zsh
[0.187s] -- Up-to-date symlink: /home/sanjay/Desktop/cobot600/install/cpp_cobot_planning/share/cpp_cobot_planning/local_setup.dsv
[0.188s] -- Symlinking: /home/sanjay/Desktop/cobot600/install/cpp_cobot_planning/share/cpp_cobot_planning/package.dsv
[0.202s] -- Up-to-date symlink: /home/sanjay/Desktop/cobot600/install/cpp_cobot_planning/share/ament_index/resource_index/packages/cpp_cobot_planning
[0.203s] -- Up-to-date symlink: /home/sanjay/Desktop/cobot600/install/cpp_cobot_planning/share/cpp_cobot_planning/cmake/cpp_cobot_planningConfig.cmake
[0.203s] -- Up-to-date symlink: /home/sanjay/Desktop/cobot600/install/cpp_cobot_planning/share/cpp_cobot_planning/cmake/cpp_cobot_planningConfig-version.cmake
[0.203s] -- Up-to-date symlink: /home/sanjay/Desktop/cobot600/install/cpp_cobot_planning/share/cpp_cobot_planning/package.xml
[0.217s] Invoked command in '/home/sanjay/Desktop/cobot600/build/cpp_cobot_planning' returned '0': CMAKE_PREFIX_PATH=${CMAKE_PREFIX_PATH}:/home/sanjay/ws_moveit2/install/moveit_configs_utils:/home/sanjay/ws_moveit2/install/launch_param_builder:/opt/ros/humble /usr/bin/cmake --install /home/sanjay/Desktop/cobot600/build/cpp_cobot_planning
