[0.019s] Invoking command in '/home/sanjay/Desktop/cobot600/build/cpp_cobot_planning': CMAKE_PREFIX_PATH=${CMAKE_PREFIX_PATH}:/home/sanjay/ws_moveit2/install/moveit_configs_utils:/home/sanjay/ws_moveit2/install/launch_param_builder:/opt/ros/humble /usr/bin/cmake --build /home/sanjay/Desktop/cobot600/build/cpp_cobot_planning -- -j22 -l22
[0.093s] [35m[1mConsolidate compiler generated dependencies of target cpp_cobot_planning[0m
[0.127s] [ 50%] [32mBuilding CXX object CMakeFiles/cpp_cobot_planning.dir/src/cpp_cobot_planning.cpp.o[0m
[7.914s] [100%] [32m[1mLinking CXX executable cpp_cobot_planning[0m
[8.286s] [100%] Built target cpp_cobot_planning
[8.304s] Invoked command in '/home/sanjay/Desktop/cobot600/build/cpp_cobot_planning' returned '0': CMAKE_PREFIX_PATH=${CMAKE_PREFIX_PATH}:/home/sanjay/ws_moveit2/install/moveit_configs_utils:/home/sanjay/ws_moveit2/install/launch_param_builder:/opt/ros/humble /usr/bin/cmake --build /home/sanjay/Desktop/cobot600/build/cpp_cobot_planning -- -j22 -l22
[8.351s] Invoking command in '/home/sanjay/Desktop/cobot600/build/cpp_cobot_planning': CMAKE_PREFIX_PATH=${CMAKE_PREFIX_PATH}:/home/sanjay/ws_moveit2/install/moveit_configs_utils:/home/sanjay/ws_moveit2/install/launch_param_builder:/opt/ros/humble /usr/bin/cmake --install /home/sanjay/Desktop/cobot600/build/cpp_cobot_planning
[8.364s] -- Install configuration: ""
[8.365s] -- Execute custom install script
[8.365s] -- Up-to-date symlink: /home/sanjay/Desktop/cobot600/install/cpp_cobot_planning/lib/cpp_cobot_planning/cpp_cobot_planning
[8.366s] -- Up-to-date symlink: /home/sanjay/Desktop/cobot600/install/cpp_cobot_planning/share/ament_index/resource_index/package_run_dependencies/cpp_cobot_planning
[8.367s] -- Up-to-date symlink: /home/sanjay/Desktop/cobot600/install/cpp_cobot_planning/share/ament_index/resource_index/parent_prefix_path/cpp_cobot_planning
[8.368s] -- Up-to-date symlink: /home/sanjay/Desktop/cobot600/install/cpp_cobot_planning/share/cpp_cobot_planning/environment/ament_prefix_path.sh
[8.368s] -- Up-to-date symlink: /home/sanjay/Desktop/cobot600/install/cpp_cobot_planning/share/cpp_cobot_planning/environment/ament_prefix_path.dsv
[8.368s] -- Up-to-date symlink: /home/sanjay/Desktop/cobot600/install/cpp_cobot_planning/share/cpp_cobot_planning/environment/path.sh
[8.368s] -- Up-to-date symlink: /home/sanjay/Desktop/cobot600/install/cpp_cobot_planning/share/cpp_cobot_planning/environment/path.dsv
[8.368s] -- Up-to-date symlink: /home/sanjay/Desktop/cobot600/install/cpp_cobot_planning/share/cpp_cobot_planning/local_setup.bash
[8.369s] -- Up-to-date symlink: /home/sanjay/Desktop/cobot600/install/cpp_cobot_planning/share/cpp_cobot_planning/local_setup.sh
[8.369s] -- Up-to-date symlink: /home/sanjay/Desktop/cobot600/install/cpp_cobot_planning/share/cpp_cobot_planning/local_setup.zsh
[8.369s] -- Up-to-date symlink: /home/sanjay/Desktop/cobot600/install/cpp_cobot_planning/share/cpp_cobot_planning/local_setup.dsv
[8.369s] -- Symlinking: /home/sanjay/Desktop/cobot600/install/cpp_cobot_planning/share/cpp_cobot_planning/package.dsv
[8.382s] -- Up-to-date symlink: /home/sanjay/Desktop/cobot600/install/cpp_cobot_planning/share/ament_index/resource_index/packages/cpp_cobot_planning
[8.382s] -- Up-to-date symlink: /home/sanjay/Desktop/cobot600/install/cpp_cobot_planning/share/cpp_cobot_planning/cmake/cpp_cobot_planningConfig.cmake
[8.382s] -- Up-to-date symlink: /home/sanjay/Desktop/cobot600/install/cpp_cobot_planning/share/cpp_cobot_planning/cmake/cpp_cobot_planningConfig-version.cmake
[8.382s] -- Up-to-date symlink: /home/sanjay/Desktop/cobot600/install/cpp_cobot_planning/share/cpp_cobot_planning/package.xml
[8.385s] Invoked command in '/home/sanjay/Desktop/cobot600/build/cpp_cobot_planning' returned '0': CMAKE_PREFIX_PATH=${CMAKE_PREFIX_PATH}:/home/sanjay/ws_moveit2/install/moveit_configs_utils:/home/sanjay/ws_moveit2/install/launch_param_builder:/opt/ros/humble /usr/bin/cmake --install /home/sanjay/Desktop/cobot600/build/cpp_cobot_planning
