-- Found ament_cmake: 1.3.10 (/opt/ros/humble/share/ament_cmake/cmake)
-- Override CMake install command with custom implementation using symlinks instead of copying resources
-- Found ament_lint_auto: 0.12.11 (/opt/ros/humble/share/ament_lint_auto/cmake)
-- Added test 'flake8' to check Python code syntax and style conventions
-- Added test 'lint_cmake' to check CMake code style
-- Added test 'pep257' to check Python code against some of the docstring style conventions in PEP 257
-- Added test 'xmllint' to check XML markup files
-- Configuring done
-- Generating done
-- Build files have been written to: /home/sanjay/Desktop/cobot600/build/mycobot_pro_600
-- Install configuration: ""
-- Execute custom install script
-- Symlinking: /home/sanjay/Desktop/cobot600/install/mycobot_pro_600/share/mycobot_pro_600/launch/cobot_pro.launch.py
-- Symlinking: /home/sanjay/Desktop/cobot600/install/mycobot_pro_600/share/mycobot_pro_600/urdf/base.dae
-- Symlinking: /home/sanjay/Desktop/cobot600/install/mycobot_pro_600/share/mycobot_pro_600/urdf/link1.dae
-- Symlinking: /home/sanjay/Desktop/cobot600/install/mycobot_pro_600/share/mycobot_pro_600/urdf/link2.dae
-- Symlinking: /home/sanjay/Desktop/cobot600/install/mycobot_pro_600/share/mycobot_pro_600/urdf/link3.dae
-- Symlinking: /home/sanjay/Desktop/cobot600/install/mycobot_pro_600/share/mycobot_pro_600/urdf/link4.dae
-- Symlinking: /home/sanjay/Desktop/cobot600/install/mycobot_pro_600/share/mycobot_pro_600/urdf/link5.dae
-- Symlinking: /home/sanjay/Desktop/cobot600/install/mycobot_pro_600/share/mycobot_pro_600/urdf/link6.dae
-- Symlinking: /home/sanjay/Desktop/cobot600/install/mycobot_pro_600/share/mycobot_pro_600/urdf/mycobot_pro_600.urdf
-- Symlinking: /home/sanjay/Desktop/cobot600/install/mycobot_pro_600/share/ament_index/resource_index/package_run_dependencies/mycobot_pro_600
-- Symlinking: /home/sanjay/Desktop/cobot600/install/mycobot_pro_600/share/ament_index/resource_index/parent_prefix_path/mycobot_pro_600
-- Symlinking: /home/sanjay/Desktop/cobot600/install/mycobot_pro_600/share/mycobot_pro_600/environment/ament_prefix_path.sh
-- Symlinking: /home/sanjay/Desktop/cobot600/install/mycobot_pro_600/share/mycobot_pro_600/environment/ament_prefix_path.dsv
-- Symlinking: /home/sanjay/Desktop/cobot600/install/mycobot_pro_600/share/mycobot_pro_600/environment/path.sh
-- Symlinking: /home/sanjay/Desktop/cobot600/install/mycobot_pro_600/share/mycobot_pro_600/environment/path.dsv
-- Symlinking: /home/sanjay/Desktop/cobot600/install/mycobot_pro_600/share/mycobot_pro_600/local_setup.bash
-- Symlinking: /home/sanjay/Desktop/cobot600/install/mycobot_pro_600/share/mycobot_pro_600/local_setup.sh
-- Symlinking: /home/sanjay/Desktop/cobot600/install/mycobot_pro_600/share/mycobot_pro_600/local_setup.zsh
-- Symlinking: /home/sanjay/Desktop/cobot600/install/mycobot_pro_600/share/mycobot_pro_600/local_setup.dsv
-- Symlinking: /home/sanjay/Desktop/cobot600/install/mycobot_pro_600/share/mycobot_pro_600/package.dsv
-- Symlinking: /home/sanjay/Desktop/cobot600/install/mycobot_pro_600/share/ament_index/resource_index/packages/mycobot_pro_600
-- Symlinking: /home/sanjay/Desktop/cobot600/install/mycobot_pro_600/share/mycobot_pro_600/cmake/mycobot_pro_600Config.cmake
-- Symlinking: /home/sanjay/Desktop/cobot600/install/mycobot_pro_600/share/mycobot_pro_600/cmake/mycobot_pro_600Config-version.cmake
-- Symlinking: /home/sanjay/Desktop/cobot600/install/mycobot_pro_600/share/mycobot_pro_600/package.xml
