[0.120s] DEBUG:colcon:Command line arguments: ['/usr/bin/colcon', 'build']
[0.120s] DEBUG:colcon:Parsed command line arguments: Namespace(log_base=None, log_level=None, verb_name='build', build_base='build', install_base='install', merge_install=False, symlink_install=False, test_result_base=None, continue_on_error=False, executor='parallel', parallel_workers=22, event_handlers=None, ignore_user_meta=False, metas=['./colcon.meta'], base_paths=['.'], packages_ignore=None, packages_ignore_regex=None, paths=None, packages_up_to=None, packages_up_to_regex=None, packages_above=None, packages_above_and_dependencies=None, packages_above_depth=None, packages_select_by_dep=None, packages_skip_by_dep=None, packages_skip_up_to=None, packages_select_build_failed=False, packages_skip_build_finished=False, packages_select_test_failures=False, packages_skip_test_passed=False, packages_select=None, packages_skip=None, packages_select_regex=None, packages_skip_regex=None, packages_start=None, packages_end=None, allow_overriding=[], cmake_args=None, cmake_target=None, cmake_target_skip_unavailable=False, cmake_clean_cache=False, cmake_clean_first=False, cmake_force_configure=False, ament_cmake_args=None, catkin_cmake_args=None, catkin_skip_building_tests=False, mixin_files=None, mixin=None, verb_parser=<colcon_mixin.mixin.mixin_argument.MixinArgumentDecorator object at 0x71e237131f00>, verb_extension=<colcon_core.verb.build.BuildVerb object at 0x71e237232500>, main=<bound method BuildVerb.main of <colcon_core.verb.build.BuildVerb object at 0x71e237232500>>, mixin_verb=('build',))
[0.272s] Level 1:colcon.colcon_core.package_discovery:discover_packages(colcon_meta) check parameters
[0.272s] Level 1:colcon.colcon_core.package_discovery:discover_packages(recursive) check parameters
[0.272s] Level 1:colcon.colcon_core.package_discovery:discover_packages(ignore) check parameters
[0.272s] Level 1:colcon.colcon_core.package_discovery:discover_packages(path) check parameters
[0.272s] Level 1:colcon.colcon_core.package_discovery:discover_packages(colcon_meta) discover
[0.272s] Level 1:colcon.colcon_core.package_discovery:discover_packages(recursive) discover
[0.272s] INFO:colcon.colcon_core.package_discovery:Crawling recursively for packages in '/home/sanjay/Desktop/cobot600'
[0.272s] Level 1:colcon.colcon_core.package_identification:_identify(.) by extensions ['ignore', 'ignore_ament_install']
[0.272s] Level 1:colcon.colcon_core.package_identification:_identify(.) by extension 'ignore'
[0.272s] Level 1:colcon.colcon_core.package_identification:_identify(.) by extension 'ignore_ament_install'
[0.272s] Level 1:colcon.colcon_core.package_identification:_identify(.) by extensions ['colcon_pkg']
[0.272s] Level 1:colcon.colcon_core.package_identification:_identify(.) by extension 'colcon_pkg'
[0.272s] Level 1:colcon.colcon_core.package_identification:_identify(.) by extensions ['colcon_meta']
[0.272s] Level 1:colcon.colcon_core.package_identification:_identify(.) by extension 'colcon_meta'
[0.272s] Level 1:colcon.colcon_core.package_identification:_identify(.) by extensions ['ros']
[0.272s] Level 1:colcon.colcon_core.package_identification:_identify(.) by extension 'ros'
[0.284s] Level 1:colcon.colcon_core.package_identification:_identify(.) by extensions ['cmake', 'python']
[0.284s] Level 1:colcon.colcon_core.package_identification:_identify(.) by extension 'cmake'
[0.284s] Level 1:colcon.colcon_core.package_identification:_identify(.) by extension 'python'
[0.284s] Level 1:colcon.colcon_core.package_identification:_identify(.) by extensions ['python_setup_py']
[0.284s] Level 1:colcon.colcon_core.package_identification:_identify(.) by extension 'python_setup_py'
[0.284s] Level 1:colcon.colcon_core.package_identification:_identify(build) by extensions ['ignore', 'ignore_ament_install']
[0.284s] Level 1:colcon.colcon_core.package_identification:_identify(build) by extension 'ignore'
[0.284s] Level 1:colcon.colcon_core.package_identification:_identify(build) ignored
[0.284s] Level 1:colcon.colcon_core.package_identification:_identify(install) by extensions ['ignore', 'ignore_ament_install']
[0.284s] Level 1:colcon.colcon_core.package_identification:_identify(install) by extension 'ignore'
[0.284s] Level 1:colcon.colcon_core.package_identification:_identify(install) ignored
[0.284s] Level 1:colcon.colcon_core.package_identification:_identify(log) by extensions ['ignore', 'ignore_ament_install']
[0.285s] Level 1:colcon.colcon_core.package_identification:_identify(log) by extension 'ignore'
[0.285s] Level 1:colcon.colcon_core.package_identification:_identify(log) ignored
[0.285s] Level 1:colcon.colcon_core.package_identification:_identify(src) by extensions ['ignore', 'ignore_ament_install']
[0.285s] Level 1:colcon.colcon_core.package_identification:_identify(src) by extension 'ignore'
[0.285s] Level 1:colcon.colcon_core.package_identification:_identify(src) by extension 'ignore_ament_install'
[0.285s] Level 1:colcon.colcon_core.package_identification:_identify(src) by extensions ['colcon_pkg']
[0.285s] Level 1:colcon.colcon_core.package_identification:_identify(src) by extension 'colcon_pkg'
[0.285s] Level 1:colcon.colcon_core.package_identification:_identify(src) by extensions ['colcon_meta']
[0.285s] Level 1:colcon.colcon_core.package_identification:_identify(src) by extension 'colcon_meta'
[0.285s] Level 1:colcon.colcon_core.package_identification:_identify(src) by extensions ['ros']
[0.285s] Level 1:colcon.colcon_core.package_identification:_identify(src) by extension 'ros'
[0.285s] Level 1:colcon.colcon_core.package_identification:_identify(src) by extensions ['cmake', 'python']
[0.285s] Level 1:colcon.colcon_core.package_identification:_identify(src) by extension 'cmake'
[0.285s] Level 1:colcon.colcon_core.package_identification:_identify(src) by extension 'python'
[0.285s] Level 1:colcon.colcon_core.package_identification:_identify(src) by extensions ['python_setup_py']
[0.285s] Level 1:colcon.colcon_core.package_identification:_identify(src) by extension 'python_setup_py'
[0.285s] Level 1:colcon.colcon_core.package_identification:_identify(src/mycobot_pro_600) by extensions ['ignore', 'ignore_ament_install']
[0.285s] Level 1:colcon.colcon_core.package_identification:_identify(src/mycobot_pro_600) by extension 'ignore'
[0.285s] Level 1:colcon.colcon_core.package_identification:_identify(src/mycobot_pro_600) by extension 'ignore_ament_install'
[0.285s] Level 1:colcon.colcon_core.package_identification:_identify(src/mycobot_pro_600) by extensions ['colcon_pkg']
[0.285s] Level 1:colcon.colcon_core.package_identification:_identify(src/mycobot_pro_600) by extension 'colcon_pkg'
[0.285s] Level 1:colcon.colcon_core.package_identification:_identify(src/mycobot_pro_600) by extensions ['colcon_meta']
[0.285s] Level 1:colcon.colcon_core.package_identification:_identify(src/mycobot_pro_600) by extension 'colcon_meta'
[0.285s] Level 1:colcon.colcon_core.package_identification:_identify(src/mycobot_pro_600) by extensions ['ros']
[0.285s] Level 1:colcon.colcon_core.package_identification:_identify(src/mycobot_pro_600) by extension 'ros'
[0.288s] DEBUG:colcon.colcon_core.package_identification:Package 'src/mycobot_pro_600' with type 'ros.ament_cmake' and name 'mycobot_pro_600'
[0.288s] Level 1:colcon.colcon_core.package_discovery:discover_packages(recursive) using defaults
[0.288s] Level 1:colcon.colcon_core.package_discovery:discover_packages(ignore) discover
[0.288s] Level 1:colcon.colcon_core.package_discovery:discover_packages(ignore) using defaults
[0.288s] Level 1:colcon.colcon_core.package_discovery:discover_packages(path) discover
[0.288s] Level 1:colcon.colcon_core.package_discovery:discover_packages(path) using defaults
[0.308s] Level 1:colcon.colcon_core.package_discovery:discover_packages(prefix_path) check parameters
[0.308s] Level 1:colcon.colcon_core.package_discovery:discover_packages(prefix_path) discover
[0.323s] DEBUG:colcon.colcon_installed_package_information.package_discovery:Found 55 installed packages in /home/sanjay/ws_moveit2/install
[0.324s] DEBUG:colcon.colcon_installed_package_information.package_discovery:Found 327 installed packages in /opt/ros/humble
[0.333s] Level 1:colcon.colcon_core.package_discovery:discover_packages(prefix_path) using defaults
[0.377s] Level 5:colcon.colcon_core.verb:set package 'mycobot_pro_600' build argument 'cmake_args' from command line to 'None'
[0.377s] Level 5:colcon.colcon_core.verb:set package 'mycobot_pro_600' build argument 'cmake_target' from command line to 'None'
[0.377s] Level 5:colcon.colcon_core.verb:set package 'mycobot_pro_600' build argument 'cmake_target_skip_unavailable' from command line to 'False'
[0.377s] Level 5:colcon.colcon_core.verb:set package 'mycobot_pro_600' build argument 'cmake_clean_cache' from command line to 'False'
[0.377s] Level 5:colcon.colcon_core.verb:set package 'mycobot_pro_600' build argument 'cmake_clean_first' from command line to 'False'
[0.377s] Level 5:colcon.colcon_core.verb:set package 'mycobot_pro_600' build argument 'cmake_force_configure' from command line to 'False'
[0.377s] Level 5:colcon.colcon_core.verb:set package 'mycobot_pro_600' build argument 'ament_cmake_args' from command line to 'None'
[0.377s] Level 5:colcon.colcon_core.verb:set package 'mycobot_pro_600' build argument 'catkin_cmake_args' from command line to 'None'
[0.377s] Level 5:colcon.colcon_core.verb:set package 'mycobot_pro_600' build argument 'catkin_skip_building_tests' from command line to 'False'
[0.377s] DEBUG:colcon.colcon_core.verb:Building package 'mycobot_pro_600' with the following arguments: {'ament_cmake_args': None, 'build_base': '/home/sanjay/Desktop/cobot600/build/mycobot_pro_600', 'catkin_cmake_args': None, 'catkin_skip_building_tests': False, 'cmake_args': None, 'cmake_clean_cache': False, 'cmake_clean_first': False, 'cmake_force_configure': False, 'cmake_target': None, 'cmake_target_skip_unavailable': False, 'install_base': '/home/sanjay/Desktop/cobot600/install/mycobot_pro_600', 'merge_install': False, 'path': '/home/sanjay/Desktop/cobot600/src/mycobot_pro_600', 'symlink_install': False, 'test_result_base': None}
[0.377s] INFO:colcon.colcon_core.executor:Executing jobs using 'parallel' executor
[0.379s] DEBUG:colcon.colcon_parallel_executor.executor.parallel:run_until_complete
[0.379s] INFO:colcon.colcon_ros.task.ament_cmake.build:Building ROS package in '/home/sanjay/Desktop/cobot600/src/mycobot_pro_600' with build type 'ament_cmake'
[0.379s] INFO:colcon.colcon_cmake.task.cmake.build:Building CMake package in '/home/sanjay/Desktop/cobot600/src/mycobot_pro_600'
[0.381s] INFO:colcon.colcon_core.plugin_system:Skipping extension 'colcon_core.shell.bat': Not used on non-Windows systems
[0.381s] INFO:colcon.colcon_core.shell:Skip shell extension 'powershell' for command environment: Not usable outside of PowerShell
[0.381s] DEBUG:colcon.colcon_core.shell:Skip shell extension 'dsv' for command environment
[0.396s] DEBUG:colcon.colcon_core.event_handler.log_command:Invoking command in '/home/sanjay/Desktop/cobot600/build/mycobot_pro_600': CMAKE_PREFIX_PATH=${CMAKE_PREFIX_PATH}:/home/sanjay/ws_moveit2/install/moveit_configs_utils:/home/sanjay/ws_moveit2/install/launch_param_builder:/opt/ros/humble /usr/bin/cmake --build /home/sanjay/Desktop/cobot600/build/mycobot_pro_600 -- -j22 -l22
[0.453s] DEBUG:colcon.colcon_core.event_handler.log_command:Invoked command in '/home/sanjay/Desktop/cobot600/build/mycobot_pro_600' returned '0': CMAKE_PREFIX_PATH=${CMAKE_PREFIX_PATH}:/home/sanjay/ws_moveit2/install/moveit_configs_utils:/home/sanjay/ws_moveit2/install/launch_param_builder:/opt/ros/humble /usr/bin/cmake --build /home/sanjay/Desktop/cobot600/build/mycobot_pro_600 -- -j22 -l22
[0.505s] DEBUG:colcon.colcon_core.event_handler.log_command:Invoking command in '/home/sanjay/Desktop/cobot600/build/mycobot_pro_600': CMAKE_PREFIX_PATH=${CMAKE_PREFIX_PATH}:/home/sanjay/ws_moveit2/install/moveit_configs_utils:/home/sanjay/ws_moveit2/install/launch_param_builder:/opt/ros/humble /usr/bin/cmake --install /home/sanjay/Desktop/cobot600/build/mycobot_pro_600
[0.518s] Level 1:colcon.colcon_core.environment:create_environment_scripts_only(mycobot_pro_600)
[0.518s] DEBUG:colcon.colcon_core.event_handler.log_command:Invoked command in '/home/sanjay/Desktop/cobot600/build/mycobot_pro_600' returned '0': CMAKE_PREFIX_PATH=${CMAKE_PREFIX_PATH}:/home/sanjay/ws_moveit2/install/moveit_configs_utils:/home/sanjay/ws_moveit2/install/launch_param_builder:/opt/ros/humble /usr/bin/cmake --install /home/sanjay/Desktop/cobot600/build/mycobot_pro_600
[0.521s] Level 1:colcon.colcon_core.environment:checking '/home/sanjay/Desktop/cobot600/install/mycobot_pro_600' for CMake module files
[0.521s] Level 1:colcon.colcon_core.environment:checking '/home/sanjay/Desktop/cobot600/install/mycobot_pro_600' for CMake config files
[0.521s] Level 1:colcon.colcon_core.shell:create_environment_hook('mycobot_pro_600', 'cmake_prefix_path')
[0.522s] INFO:colcon.colcon_core.shell:Creating environment hook '/home/sanjay/Desktop/cobot600/install/mycobot_pro_600/share/mycobot_pro_600/hook/cmake_prefix_path.ps1'
[0.523s] INFO:colcon.colcon_core.shell:Creating environment descriptor '/home/sanjay/Desktop/cobot600/install/mycobot_pro_600/share/mycobot_pro_600/hook/cmake_prefix_path.dsv'
[0.523s] INFO:colcon.colcon_core.shell:Creating environment hook '/home/sanjay/Desktop/cobot600/install/mycobot_pro_600/share/mycobot_pro_600/hook/cmake_prefix_path.sh'
[0.524s] Level 1:colcon.colcon_core.environment:checking '/home/sanjay/Desktop/cobot600/install/mycobot_pro_600/bin'
[0.524s] Level 1:colcon.colcon_core.environment:checking '/home/sanjay/Desktop/cobot600/install/mycobot_pro_600/lib/pkgconfig/mycobot_pro_600.pc'
[0.525s] Level 1:colcon.colcon_core.environment:checking '/home/sanjay/Desktop/cobot600/install/mycobot_pro_600/lib/python3.10/site-packages'
[0.525s] Level 1:colcon.colcon_core.environment:checking '/home/sanjay/Desktop/cobot600/install/mycobot_pro_600/bin'
[0.525s] INFO:colcon.colcon_core.shell:Creating package script '/home/sanjay/Desktop/cobot600/install/mycobot_pro_600/share/mycobot_pro_600/package.ps1'
[0.526s] INFO:colcon.colcon_core.shell:Creating package descriptor '/home/sanjay/Desktop/cobot600/install/mycobot_pro_600/share/mycobot_pro_600/package.dsv'
[0.527s] INFO:colcon.colcon_core.shell:Creating package script '/home/sanjay/Desktop/cobot600/install/mycobot_pro_600/share/mycobot_pro_600/package.sh'
[0.528s] INFO:colcon.colcon_core.shell:Creating package script '/home/sanjay/Desktop/cobot600/install/mycobot_pro_600/share/mycobot_pro_600/package.bash'
[0.529s] INFO:colcon.colcon_core.shell:Creating package script '/home/sanjay/Desktop/cobot600/install/mycobot_pro_600/share/mycobot_pro_600/package.zsh'
[0.529s] Level 1:colcon.colcon_core.environment:create_file_with_runtime_dependencies(/home/sanjay/Desktop/cobot600/install/mycobot_pro_600/share/colcon-core/packages/mycobot_pro_600)
[0.568s] Level 1:colcon.colcon_core.environment:create_environment_scripts_only(mycobot_pro_600)
[0.569s] Level 1:colcon.colcon_core.environment:checking '/home/sanjay/Desktop/cobot600/install/mycobot_pro_600' for CMake module files
[0.569s] Level 1:colcon.colcon_core.environment:checking '/home/sanjay/Desktop/cobot600/install/mycobot_pro_600' for CMake config files
[0.569s] Level 1:colcon.colcon_core.shell:create_environment_hook('mycobot_pro_600', 'cmake_prefix_path')
[0.570s] INFO:colcon.colcon_core.shell:Creating environment hook '/home/sanjay/Desktop/cobot600/install/mycobot_pro_600/share/mycobot_pro_600/hook/cmake_prefix_path.ps1'
[0.570s] INFO:colcon.colcon_core.shell:Creating environment descriptor '/home/sanjay/Desktop/cobot600/install/mycobot_pro_600/share/mycobot_pro_600/hook/cmake_prefix_path.dsv'
[0.571s] INFO:colcon.colcon_core.shell:Creating environment hook '/home/sanjay/Desktop/cobot600/install/mycobot_pro_600/share/mycobot_pro_600/hook/cmake_prefix_path.sh'
[0.571s] Level 1:colcon.colcon_core.environment:checking '/home/sanjay/Desktop/cobot600/install/mycobot_pro_600/bin'
[0.571s] Level 1:colcon.colcon_core.environment:checking '/home/sanjay/Desktop/cobot600/install/mycobot_pro_600/lib/pkgconfig/mycobot_pro_600.pc'
[0.572s] Level 1:colcon.colcon_core.environment:checking '/home/sanjay/Desktop/cobot600/install/mycobot_pro_600/lib/python3.10/site-packages'
[0.572s] Level 1:colcon.colcon_core.environment:checking '/home/sanjay/Desktop/cobot600/install/mycobot_pro_600/bin'
[0.572s] INFO:colcon.colcon_core.shell:Creating package script '/home/sanjay/Desktop/cobot600/install/mycobot_pro_600/share/mycobot_pro_600/package.ps1'
[0.573s] INFO:colcon.colcon_core.shell:Creating package descriptor '/home/sanjay/Desktop/cobot600/install/mycobot_pro_600/share/mycobot_pro_600/package.dsv'
[0.573s] INFO:colcon.colcon_core.shell:Creating package script '/home/sanjay/Desktop/cobot600/install/mycobot_pro_600/share/mycobot_pro_600/package.sh'
[0.574s] INFO:colcon.colcon_core.shell:Creating package script '/home/sanjay/Desktop/cobot600/install/mycobot_pro_600/share/mycobot_pro_600/package.bash'
[0.574s] INFO:colcon.colcon_core.shell:Creating package script '/home/sanjay/Desktop/cobot600/install/mycobot_pro_600/share/mycobot_pro_600/package.zsh'
[0.575s] Level 1:colcon.colcon_core.environment:create_file_with_runtime_dependencies(/home/sanjay/Desktop/cobot600/install/mycobot_pro_600/share/colcon-core/packages/mycobot_pro_600)
[0.575s] DEBUG:colcon.colcon_parallel_executor.executor.parallel:closing loop
[0.575s] DEBUG:colcon.colcon_parallel_executor.executor.parallel:loop closed
[0.576s] DEBUG:colcon.colcon_parallel_executor.executor.parallel:run_until_complete finished with '0'
[0.576s] DEBUG:colcon.colcon_core.event_reactor:joining thread
[0.582s] INFO:colcon.colcon_core.plugin_system:Skipping extension 'colcon_notification.desktop_notification.terminal_notifier': Not used on non-Darwin systems
[0.582s] INFO:colcon.colcon_core.plugin_system:Skipping extension 'colcon_notification.desktop_notification.win32': Not used on non-Windows systems
[0.582s] INFO:colcon.colcon_notification.desktop_notification:Sending desktop notification using 'notify2'
[0.607s] DEBUG:colcon.colcon_core.event_reactor:joined thread
[0.607s] INFO:colcon.colcon_core.shell:Creating prefix script '/home/sanjay/Desktop/cobot600/install/local_setup.ps1'
[0.608s] INFO:colcon.colcon_core.shell:Creating prefix util module '/home/sanjay/Desktop/cobot600/install/_local_setup_util_ps1.py'
[0.610s] INFO:colcon.colcon_core.shell:Creating prefix chain script '/home/sanjay/Desktop/cobot600/install/setup.ps1'
[0.613s] INFO:colcon.colcon_core.shell:Creating prefix script '/home/sanjay/Desktop/cobot600/install/local_setup.sh'
[0.614s] INFO:colcon.colcon_core.shell:Creating prefix util module '/home/sanjay/Desktop/cobot600/install/_local_setup_util_sh.py'
[0.614s] INFO:colcon.colcon_core.shell:Creating prefix chain script '/home/sanjay/Desktop/cobot600/install/setup.sh'
[0.617s] INFO:colcon.colcon_core.shell:Creating prefix script '/home/sanjay/Desktop/cobot600/install/local_setup.bash'
[0.618s] INFO:colcon.colcon_core.shell:Creating prefix chain script '/home/sanjay/Desktop/cobot600/install/setup.bash'
[0.621s] INFO:colcon.colcon_core.shell:Creating prefix script '/home/sanjay/Desktop/cobot600/install/local_setup.zsh'
[0.621s] INFO:colcon.colcon_core.shell:Creating prefix chain script '/home/sanjay/Desktop/cobot600/install/setup.zsh'
